[2023-02-10 11:02:32,819] {taskinstance.py:1159} INFO - Dependencies all met for <TaskInstance: example_weekday_branch_operator.make_choice scheduled__2023-02-09T00:00:00+00:00 [queued]>
[2023-02-10 11:02:32,820] {taskinstance.py:1159} INFO - Dependencies all met for <TaskInstance: example_weekday_branch_operator.make_choice scheduled__2023-02-09T00:00:00+00:00 [queued]>
[2023-02-10 11:02:32,821] {taskinstance.py:1356} INFO - 
--------------------------------------------------------------------------------
[2023-02-10 11:02:32,821] {taskinstance.py:1357} INFO - Starting attempt 1 of 1
[2023-02-10 11:02:32,821] {taskinstance.py:1358} INFO - 
--------------------------------------------------------------------------------
[2023-02-10 11:02:32,824] {taskinstance.py:1377} INFO - Executing <Task(BranchDayOfWeekOperator): make_choice> on 2023-02-09 00:00:00+00:00
[2023-02-10 11:02:32,826] {standard_task_runner.py:52} INFO - Started process 1586 to run task
[2023-02-10 11:02:32,828] {standard_task_runner.py:79} INFO - Running: ['airflow', 'tasks', 'run', 'example_weekday_branch_operator', 'make_choice', 'scheduled__2023-02-09T00:00:00+00:00', '--job-id', '13', '--raw', '--subdir', '/Users/francilenesilva/Documents/data-engineer/apache-airflow/orquestrando-pipeline1/data-pipeline/airflow-alura/venv/lib/python3.10/site-packages/airflow/example_dags/example_branch_day_of_week_operator.py', '--cfg-path', '/var/folders/b_/44w2czd50d77jsslrsmc4_sc0000gn/T/tmpugdv9sro', '--error-file', '/var/folders/b_/44w2czd50d77jsslrsmc4_sc0000gn/T/tmp4aqfgtfr']
[2023-02-10 11:02:32,829] {standard_task_runner.py:80} INFO - Job 13: Subtask make_choice
[2023-02-10 11:02:32,852] {task_command.py:370} INFO - Running <TaskInstance: example_weekday_branch_operator.make_choice scheduled__2023-02-09T00:00:00+00:00 [running]> on host airdefrancilene.lan
[2023-02-10 11:02:32,869] {taskinstance.py:1569} INFO - Exporting the following env vars:
AIRFLOW_CTX_DAG_OWNER=airflow
AIRFLOW_CTX_DAG_ID=example_weekday_branch_operator
AIRFLOW_CTX_TASK_ID=make_choice
AIRFLOW_CTX_EXECUTION_DATE=2023-02-09T00:00:00+00:00
AIRFLOW_CTX_TRY_NUMBER=1
AIRFLOW_CTX_DAG_RUN_ID=scheduled__2023-02-09T00:00:00+00:00
[2023-02-10 11:02:32,869] {skipmixin.py:140} INFO - Following branch branch_false
[2023-02-10 11:02:32,869] {skipmixin.py:175} INFO - Skipping tasks ['branch_true']
[2023-02-10 11:02:32,877] {taskinstance.py:1395} INFO - Marking task as SUCCESS. dag_id=example_weekday_branch_operator, task_id=make_choice, execution_date=20230209T000000, start_date=20230210T110232, end_date=20230210T110232
[2023-02-10 11:02:32,890] {local_task_job.py:156} INFO - Task exited with return code 0
[2023-02-10 11:02:32,900] {local_task_job.py:273} INFO - 1 downstream tasks scheduled from follow-on schedule check
