[2023-02-10 10:42:45,337] {taskinstance.py:1159} INFO - Dependencies all met for <TaskInstance: example_bash_operator.also_run_this scheduled__2023-02-09T00:00:00+00:00 [queued]>
[2023-02-10 10:42:45,339] {taskinstance.py:1159} INFO - Dependencies all met for <TaskInstance: example_bash_operator.also_run_this scheduled__2023-02-09T00:00:00+00:00 [queued]>
[2023-02-10 10:42:45,339] {taskinstance.py:1356} INFO - 
--------------------------------------------------------------------------------
[2023-02-10 10:42:45,339] {taskinstance.py:1357} INFO - Starting attempt 1 of 1
[2023-02-10 10:42:45,339] {taskinstance.py:1358} INFO - 
--------------------------------------------------------------------------------
[2023-02-10 10:42:45,343] {taskinstance.py:1377} INFO - Executing <Task(BashOperator): also_run_this> on 2023-02-09 00:00:00+00:00
[2023-02-10 10:42:45,344] {standard_task_runner.py:52} INFO - Started process 98022 to run task
[2023-02-10 10:42:45,347] {standard_task_runner.py:79} INFO - Running: ['airflow', 'tasks', 'run', 'example_bash_operator', 'also_run_this', 'scheduled__2023-02-09T00:00:00+00:00', '--job-id', '10', '--raw', '--subdir', '/Users/francilenesilva/Documents/data-engineer/apache-airflow/orquestrando-pipeline1/data-pipeline/airflow-alura/venv/lib/python3.10/site-packages/airflow/example_dags/example_bash_operator.py', '--cfg-path', '/var/folders/b_/44w2czd50d77jsslrsmc4_sc0000gn/T/tmp3syjdzyv', '--error-file', '/var/folders/b_/44w2czd50d77jsslrsmc4_sc0000gn/T/tmp7m9ox3al']
[2023-02-10 10:42:45,348] {standard_task_runner.py:80} INFO - Job 10: Subtask also_run_this
[2023-02-10 10:42:45,364] {task_command.py:370} INFO - Running <TaskInstance: example_bash_operator.also_run_this scheduled__2023-02-09T00:00:00+00:00 [running]> on host airdefrancilene.lan
[2023-02-10 10:42:45,386] {taskinstance.py:1569} INFO - Exporting the following env vars:
AIRFLOW_CTX_DAG_OWNER=airflow
AIRFLOW_CTX_DAG_ID=example_bash_operator
AIRFLOW_CTX_TASK_ID=also_run_this
AIRFLOW_CTX_EXECUTION_DATE=2023-02-09T00:00:00+00:00
AIRFLOW_CTX_TRY_NUMBER=1
AIRFLOW_CTX_DAG_RUN_ID=scheduled__2023-02-09T00:00:00+00:00
[2023-02-10 10:42:45,386] {subprocess.py:62} INFO - Tmp dir root location: 
 /var/folders/b_/44w2czd50d77jsslrsmc4_sc0000gn/T
[2023-02-10 10:42:45,387] {subprocess.py:74} INFO - Running command: ['bash', '-c', 'echo "run_id=scheduled__2023-02-09T00:00:00+00:00 | dag_run=<DagRun example_bash_operator @ 2023-02-09 00:00:00+00:00: scheduled__2023-02-09T00:00:00+00:00, externally triggered: False>"']
[2023-02-10 10:42:45,391] {subprocess.py:85} INFO - Output:
[2023-02-10 10:42:45,393] {subprocess.py:92} INFO - run_id=scheduled__2023-02-09T00:00:00+00:00 | dag_run=<DagRun example_bash_operator @ 2023-02-09 00:00:00+00:00: scheduled__2023-02-09T00:00:00+00:00, externally triggered: False>
[2023-02-10 10:42:45,393] {subprocess.py:96} INFO - Command exited with return code 0
[2023-02-10 10:42:45,400] {taskinstance.py:1395} INFO - Marking task as SUCCESS. dag_id=example_bash_operator, task_id=also_run_this, execution_date=20230209T000000, start_date=20230210T104245, end_date=20230210T104245
[2023-02-10 10:42:45,409] {local_task_job.py:156} INFO - Task exited with return code 0
[2023-02-10 10:42:45,417] {local_task_job.py:273} INFO - 0 downstream tasks scheduled from follow-on schedule check
