[2023-02-10 10:42:46,038] {taskinstance.py:1159} INFO - Dependencies all met for <TaskInstance: example_bash_operator.this_will_skip scheduled__2023-02-09T00:00:00+00:00 [queued]>
[2023-02-10 10:42:46,040] {taskinstance.py:1159} INFO - Dependencies all met for <TaskInstance: example_bash_operator.this_will_skip scheduled__2023-02-09T00:00:00+00:00 [queued]>
[2023-02-10 10:42:46,040] {taskinstance.py:1356} INFO - 
--------------------------------------------------------------------------------
[2023-02-10 10:42:46,040] {taskinstance.py:1357} INFO - Starting attempt 1 of 1
[2023-02-10 10:42:46,040] {taskinstance.py:1358} INFO - 
--------------------------------------------------------------------------------
[2023-02-10 10:42:46,043] {taskinstance.py:1377} INFO - Executing <Task(BashOperator): this_will_skip> on 2023-02-09 00:00:00+00:00
[2023-02-10 10:42:46,045] {standard_task_runner.py:52} INFO - Started process 98028 to run task
[2023-02-10 10:42:46,047] {standard_task_runner.py:79} INFO - Running: ['airflow', 'tasks', 'run', 'example_bash_operator', 'this_will_skip', 'scheduled__2023-02-09T00:00:00+00:00', '--job-id', '11', '--raw', '--subdir', '/Users/francilenesilva/Documents/data-engineer/apache-airflow/orquestrando-pipeline1/data-pipeline/airflow-alura/venv/lib/python3.10/site-packages/airflow/example_dags/example_bash_operator.py', '--cfg-path', '/var/folders/b_/44w2czd50d77jsslrsmc4_sc0000gn/T/tmp99w3kls7', '--error-file', '/var/folders/b_/44w2czd50d77jsslrsmc4_sc0000gn/T/tmpdrp18ix6']
[2023-02-10 10:42:46,048] {standard_task_runner.py:80} INFO - Job 11: Subtask this_will_skip
[2023-02-10 10:42:46,063] {task_command.py:370} INFO - Running <TaskInstance: example_bash_operator.this_will_skip scheduled__2023-02-09T00:00:00+00:00 [running]> on host airdefrancilene.lan
[2023-02-10 10:42:46,080] {taskinstance.py:1569} INFO - Exporting the following env vars:
AIRFLOW_CTX_DAG_OWNER=airflow
AIRFLOW_CTX_DAG_ID=example_bash_operator
AIRFLOW_CTX_TASK_ID=this_will_skip
AIRFLOW_CTX_EXECUTION_DATE=2023-02-09T00:00:00+00:00
AIRFLOW_CTX_TRY_NUMBER=1
AIRFLOW_CTX_DAG_RUN_ID=scheduled__2023-02-09T00:00:00+00:00
[2023-02-10 10:42:46,080] {subprocess.py:62} INFO - Tmp dir root location: 
 /var/folders/b_/44w2czd50d77jsslrsmc4_sc0000gn/T
[2023-02-10 10:42:46,081] {subprocess.py:74} INFO - Running command: ['bash', '-c', 'echo "hello world"; exit 99;']
[2023-02-10 10:42:46,085] {subprocess.py:85} INFO - Output:
[2023-02-10 10:42:46,087] {subprocess.py:92} INFO - hello world
[2023-02-10 10:42:46,087] {subprocess.py:96} INFO - Command exited with return code 99
[2023-02-10 10:42:46,087] {taskinstance.py:1478} INFO - Bash command returned exit code 99. Skipping.
[2023-02-10 10:42:46,091] {taskinstance.py:1395} INFO - Marking task as SKIPPED. dag_id=example_bash_operator, task_id=this_will_skip, execution_date=20230209T000000, start_date=20230210T104246, end_date=20230210T104246
[2023-02-10 10:42:46,109] {local_task_job.py:156} INFO - Task exited with return code 0
[2023-02-10 10:42:46,119] {local_task_job.py:273} INFO - 0 downstream tasks scheduled from follow-on schedule check
