[2023-02-10 13:10:02,068] {processor.py:153} INFO - Started process (PID=22843) to work on /Users/francilenesilva/Documents/data-engineer/apache-airflow/orquestrando-pipeline1/data-pipeline/airflow-alura/dags/atividade_aula_4.py
[2023-02-10 13:10:02,068] {processor.py:641} INFO - Processing file /Users/francilenesilva/Documents/data-engineer/apache-airflow/orquestrando-pipeline1/data-pipeline/airflow-alura/dags/atividade_aula_4.py for tasks to queue
[2023-02-10 13:10:02,069] {logging_mixin.py:115} INFO - [2023-02-10 13:10:02,069] {dagbag.py:507} INFO - Filling up the DagBag from /Users/francilenesilva/Documents/data-engineer/apache-airflow/orquestrando-pipeline1/data-pipeline/airflow-alura/dags/atividade_aula_4.py
[2023-02-10 13:10:02,089] {processor.py:651} INFO - DAG(s) dict_keys(['atividade_aula_4']) retrieved from /Users/francilenesilva/Documents/data-engineer/apache-airflow/orquestrando-pipeline1/data-pipeline/airflow-alura/dags/atividade_aula_4.py
[2023-02-10 13:10:02,595] {logging_mixin.py:115} INFO - [2023-02-10 13:10:02,595] {manager.py:508} INFO - Created Permission View: can delete on DAG:atividade_aula_4
[2023-02-10 13:10:02,599] {logging_mixin.py:115} INFO - [2023-02-10 13:10:02,599] {manager.py:508} INFO - Created Permission View: can read on DAG:atividade_aula_4
[2023-02-10 13:10:02,643] {logging_mixin.py:115} INFO - [2023-02-10 13:10:02,643] {manager.py:508} INFO - Created Permission View: can edit on DAG:atividade_aula_4
[2023-02-10 13:10:02,644] {logging_mixin.py:115} INFO - [2023-02-10 13:10:02,643] {dag.py:2379} INFO - Sync 1 DAGs
[2023-02-10 13:10:02,646] {logging_mixin.py:115} INFO - [2023-02-10 13:10:02,646] {dag.py:2398} INFO - Creating ORM DAG for atividade_aula_4
[2023-02-10 13:10:02,649] {logging_mixin.py:115} INFO - [2023-02-10 13:10:02,649] {dag.py:2927} INFO - Setting next_dagrun for atividade_aula_4 to 2023-02-09T00:00:00+00:00, run_after=2023-02-10T00:00:00+00:00
[2023-02-10 13:10:02,653] {processor.py:161} INFO - Processing /Users/francilenesilva/Documents/data-engineer/apache-airflow/orquestrando-pipeline1/data-pipeline/airflow-alura/dags/atividade_aula_4.py took 0.589 seconds
[2023-02-10 13:10:50,522] {processor.py:153} INFO - Started process (PID=22962) to work on /Users/francilenesilva/Documents/data-engineer/apache-airflow/orquestrando-pipeline1/data-pipeline/airflow-alura/dags/atividade_aula_4.py
[2023-02-10 13:10:50,523] {processor.py:641} INFO - Processing file /Users/francilenesilva/Documents/data-engineer/apache-airflow/orquestrando-pipeline1/data-pipeline/airflow-alura/dags/atividade_aula_4.py for tasks to queue
[2023-02-10 13:10:50,523] {logging_mixin.py:115} INFO - [2023-02-10 13:10:50,523] {dagbag.py:507} INFO - Filling up the DagBag from /Users/francilenesilva/Documents/data-engineer/apache-airflow/orquestrando-pipeline1/data-pipeline/airflow-alura/dags/atividade_aula_4.py
[2023-02-10 13:10:50,533] {processor.py:651} INFO - DAG(s) dict_keys(['atividade_aula_4']) retrieved from /Users/francilenesilva/Documents/data-engineer/apache-airflow/orquestrando-pipeline1/data-pipeline/airflow-alura/dags/atividade_aula_4.py
[2023-02-10 13:10:50,554] {logging_mixin.py:115} INFO - [2023-02-10 13:10:50,554] {dag.py:2379} INFO - Sync 1 DAGs
[2023-02-10 13:10:50,559] {logging_mixin.py:115} INFO - [2023-02-10 13:10:50,559] {dag.py:2927} INFO - Setting next_dagrun for atividade_aula_4 to 2023-02-10T00:00:00+00:00, run_after=2023-02-11T00:00:00+00:00
[2023-02-10 13:10:50,563] {processor.py:161} INFO - Processing /Users/francilenesilva/Documents/data-engineer/apache-airflow/orquestrando-pipeline1/data-pipeline/airflow-alura/dags/atividade_aula_4.py took 0.041 seconds
[2023-02-10 13:11:25,884] {processor.py:153} INFO - Started process (PID=23028) to work on /Users/francilenesilva/Documents/data-engineer/apache-airflow/orquestrando-pipeline1/data-pipeline/airflow-alura/dags/atividade_aula_4.py
[2023-02-10 13:11:25,885] {processor.py:641} INFO - Processing file /Users/francilenesilva/Documents/data-engineer/apache-airflow/orquestrando-pipeline1/data-pipeline/airflow-alura/dags/atividade_aula_4.py for tasks to queue
[2023-02-10 13:11:25,885] {logging_mixin.py:115} INFO - [2023-02-10 13:11:25,885] {dagbag.py:507} INFO - Filling up the DagBag from /Users/francilenesilva/Documents/data-engineer/apache-airflow/orquestrando-pipeline1/data-pipeline/airflow-alura/dags/atividade_aula_4.py
[2023-02-10 13:11:25,895] {processor.py:651} INFO - DAG(s) dict_keys(['atividade_aula_4']) retrieved from /Users/francilenesilva/Documents/data-engineer/apache-airflow/orquestrando-pipeline1/data-pipeline/airflow-alura/dags/atividade_aula_4.py
[2023-02-10 13:11:25,917] {logging_mixin.py:115} INFO - [2023-02-10 13:11:25,917] {dag.py:2379} INFO - Sync 1 DAGs
[2023-02-10 13:11:25,923] {logging_mixin.py:115} INFO - [2023-02-10 13:11:25,923] {dag.py:2927} INFO - Setting next_dagrun for atividade_aula_4 to 2023-02-10T00:00:00+00:00, run_after=2023-02-11T00:00:00+00:00
[2023-02-10 13:11:25,927] {processor.py:161} INFO - Processing /Users/francilenesilva/Documents/data-engineer/apache-airflow/orquestrando-pipeline1/data-pipeline/airflow-alura/dags/atividade_aula_4.py took 0.044 seconds
[2023-02-10 13:12:02,469] {processor.py:153} INFO - Started process (PID=23109) to work on /Users/francilenesilva/Documents/data-engineer/apache-airflow/orquestrando-pipeline1/data-pipeline/airflow-alura/dags/atividade_aula_4.py
[2023-02-10 13:12:02,470] {processor.py:641} INFO - Processing file /Users/francilenesilva/Documents/data-engineer/apache-airflow/orquestrando-pipeline1/data-pipeline/airflow-alura/dags/atividade_aula_4.py for tasks to queue
[2023-02-10 13:12:02,470] {logging_mixin.py:115} INFO - [2023-02-10 13:12:02,470] {dagbag.py:507} INFO - Filling up the DagBag from /Users/francilenesilva/Documents/data-engineer/apache-airflow/orquestrando-pipeline1/data-pipeline/airflow-alura/dags/atividade_aula_4.py
[2023-02-10 13:12:02,480] {processor.py:651} INFO - DAG(s) dict_keys(['atividade_aula_4']) retrieved from /Users/francilenesilva/Documents/data-engineer/apache-airflow/orquestrando-pipeline1/data-pipeline/airflow-alura/dags/atividade_aula_4.py
[2023-02-10 13:12:02,500] {logging_mixin.py:115} INFO - [2023-02-10 13:12:02,500] {dag.py:2379} INFO - Sync 1 DAGs
[2023-02-10 13:12:02,505] {logging_mixin.py:115} INFO - [2023-02-10 13:12:02,505] {dag.py:2927} INFO - Setting next_dagrun for atividade_aula_4 to 2023-02-10T00:00:00+00:00, run_after=2023-02-11T00:00:00+00:00
[2023-02-10 13:12:02,508] {processor.py:161} INFO - Processing /Users/francilenesilva/Documents/data-engineer/apache-airflow/orquestrando-pipeline1/data-pipeline/airflow-alura/dags/atividade_aula_4.py took 0.040 seconds
[2023-02-10 13:12:38,899] {processor.py:153} INFO - Started process (PID=23172) to work on /Users/francilenesilva/Documents/data-engineer/apache-airflow/orquestrando-pipeline1/data-pipeline/airflow-alura/dags/atividade_aula_4.py
[2023-02-10 13:12:38,900] {processor.py:641} INFO - Processing file /Users/francilenesilva/Documents/data-engineer/apache-airflow/orquestrando-pipeline1/data-pipeline/airflow-alura/dags/atividade_aula_4.py for tasks to queue
[2023-02-10 13:12:38,900] {logging_mixin.py:115} INFO - [2023-02-10 13:12:38,900] {dagbag.py:507} INFO - Filling up the DagBag from /Users/francilenesilva/Documents/data-engineer/apache-airflow/orquestrando-pipeline1/data-pipeline/airflow-alura/dags/atividade_aula_4.py
[2023-02-10 13:12:38,910] {processor.py:651} INFO - DAG(s) dict_keys(['atividade_aula_4']) retrieved from /Users/francilenesilva/Documents/data-engineer/apache-airflow/orquestrando-pipeline1/data-pipeline/airflow-alura/dags/atividade_aula_4.py
[2023-02-10 13:12:38,930] {logging_mixin.py:115} INFO - [2023-02-10 13:12:38,930] {dag.py:2379} INFO - Sync 1 DAGs
[2023-02-10 13:12:38,935] {logging_mixin.py:115} INFO - [2023-02-10 13:12:38,935] {dag.py:2927} INFO - Setting next_dagrun for atividade_aula_4 to 2023-02-10T00:00:00+00:00, run_after=2023-02-11T00:00:00+00:00
[2023-02-10 13:12:38,938] {processor.py:161} INFO - Processing /Users/francilenesilva/Documents/data-engineer/apache-airflow/orquestrando-pipeline1/data-pipeline/airflow-alura/dags/atividade_aula_4.py took 0.040 seconds
[2023-02-10 13:12:57,907] {processor.py:153} INFO - Started process (PID=23216) to work on /Users/francilenesilva/Documents/data-engineer/apache-airflow/orquestrando-pipeline1/data-pipeline/airflow-alura/dags/atividade_aula_4.py
[2023-02-10 13:12:57,908] {processor.py:641} INFO - Processing file /Users/francilenesilva/Documents/data-engineer/apache-airflow/orquestrando-pipeline1/data-pipeline/airflow-alura/dags/atividade_aula_4.py for tasks to queue
[2023-02-10 13:12:57,908] {logging_mixin.py:115} INFO - [2023-02-10 13:12:57,908] {dagbag.py:507} INFO - Filling up the DagBag from /Users/francilenesilva/Documents/data-engineer/apache-airflow/orquestrando-pipeline1/data-pipeline/airflow-alura/dags/atividade_aula_4.py
[2023-02-10 13:12:57,920] {processor.py:651} INFO - DAG(s) dict_keys(['atividade_aula_4']) retrieved from /Users/francilenesilva/Documents/data-engineer/apache-airflow/orquestrando-pipeline1/data-pipeline/airflow-alura/dags/atividade_aula_4.py
[2023-02-10 13:12:57,941] {logging_mixin.py:115} INFO - [2023-02-10 13:12:57,941] {dag.py:2379} INFO - Sync 1 DAGs
[2023-02-10 13:12:57,947] {logging_mixin.py:115} INFO - [2023-02-10 13:12:57,947] {dag.py:2927} INFO - Setting next_dagrun for atividade_aula_4 to 2023-02-10T00:00:00+00:00, run_after=2023-02-11T00:00:00+00:00
[2023-02-10 13:12:57,950] {processor.py:161} INFO - Processing /Users/francilenesilva/Documents/data-engineer/apache-airflow/orquestrando-pipeline1/data-pipeline/airflow-alura/dags/atividade_aula_4.py took 0.044 seconds
[2023-02-10 13:13:21,369] {processor.py:153} INFO - Started process (PID=23311) to work on /Users/francilenesilva/Documents/data-engineer/apache-airflow/orquestrando-pipeline1/data-pipeline/airflow-alura/dags/atividade_aula_4.py
[2023-02-10 13:13:21,369] {processor.py:641} INFO - Processing file /Users/francilenesilva/Documents/data-engineer/apache-airflow/orquestrando-pipeline1/data-pipeline/airflow-alura/dags/atividade_aula_4.py for tasks to queue
[2023-02-10 13:13:21,369] {logging_mixin.py:115} INFO - [2023-02-10 13:13:21,369] {dagbag.py:507} INFO - Filling up the DagBag from /Users/francilenesilva/Documents/data-engineer/apache-airflow/orquestrando-pipeline1/data-pipeline/airflow-alura/dags/atividade_aula_4.py
[2023-02-10 13:13:21,382] {processor.py:651} INFO - DAG(s) dict_keys(['atividade_aula_4']) retrieved from /Users/francilenesilva/Documents/data-engineer/apache-airflow/orquestrando-pipeline1/data-pipeline/airflow-alura/dags/atividade_aula_4.py
[2023-02-10 13:13:21,756] {logging_mixin.py:115} INFO - [2023-02-10 13:13:21,756] {dag.py:2379} INFO - Sync 1 DAGs
[2023-02-10 13:13:21,758] {logging_mixin.py:115} INFO - [2023-02-10 13:13:21,758] {dag.py:2398} INFO - Creating ORM DAG for atividade_aula_4
[2023-02-10 13:13:21,762] {logging_mixin.py:115} INFO - [2023-02-10 13:13:21,762] {dag.py:2927} INFO - Setting next_dagrun for atividade_aula_4 to 2023-02-09T00:00:00+00:00, run_after=2023-02-10T00:00:00+00:00
[2023-02-10 13:13:21,769] {processor.py:161} INFO - Processing /Users/francilenesilva/Documents/data-engineer/apache-airflow/orquestrando-pipeline1/data-pipeline/airflow-alura/dags/atividade_aula_4.py took 0.402 seconds
[2023-02-10 13:14:09,913] {processor.py:153} INFO - Started process (PID=23417) to work on /Users/francilenesilva/Documents/data-engineer/apache-airflow/orquestrando-pipeline1/data-pipeline/airflow-alura/dags/atividade_aula_4.py
[2023-02-10 13:14:09,914] {processor.py:641} INFO - Processing file /Users/francilenesilva/Documents/data-engineer/apache-airflow/orquestrando-pipeline1/data-pipeline/airflow-alura/dags/atividade_aula_4.py for tasks to queue
[2023-02-10 13:14:09,914] {logging_mixin.py:115} INFO - [2023-02-10 13:14:09,914] {dagbag.py:507} INFO - Filling up the DagBag from /Users/francilenesilva/Documents/data-engineer/apache-airflow/orquestrando-pipeline1/data-pipeline/airflow-alura/dags/atividade_aula_4.py
[2023-02-10 13:14:09,924] {processor.py:651} INFO - DAG(s) dict_keys(['atividade_aula_4']) retrieved from /Users/francilenesilva/Documents/data-engineer/apache-airflow/orquestrando-pipeline1/data-pipeline/airflow-alura/dags/atividade_aula_4.py
[2023-02-10 13:14:09,944] {logging_mixin.py:115} INFO - [2023-02-10 13:14:09,944] {dag.py:2379} INFO - Sync 1 DAGs
[2023-02-10 13:14:09,950] {logging_mixin.py:115} INFO - [2023-02-10 13:14:09,949] {dag.py:2927} INFO - Setting next_dagrun for atividade_aula_4 to 2023-02-10T00:00:00+00:00, run_after=2023-02-11T00:00:00+00:00
[2023-02-10 13:14:09,953] {processor.py:161} INFO - Processing /Users/francilenesilva/Documents/data-engineer/apache-airflow/orquestrando-pipeline1/data-pipeline/airflow-alura/dags/atividade_aula_4.py took 0.040 seconds
[2023-02-10 13:14:46,312] {processor.py:153} INFO - Started process (PID=23486) to work on /Users/francilenesilva/Documents/data-engineer/apache-airflow/orquestrando-pipeline1/data-pipeline/airflow-alura/dags/atividade_aula_4.py
[2023-02-10 13:14:46,312] {processor.py:641} INFO - Processing file /Users/francilenesilva/Documents/data-engineer/apache-airflow/orquestrando-pipeline1/data-pipeline/airflow-alura/dags/atividade_aula_4.py for tasks to queue
[2023-02-10 13:14:46,313] {logging_mixin.py:115} INFO - [2023-02-10 13:14:46,313] {dagbag.py:507} INFO - Filling up the DagBag from /Users/francilenesilva/Documents/data-engineer/apache-airflow/orquestrando-pipeline1/data-pipeline/airflow-alura/dags/atividade_aula_4.py
[2023-02-10 13:14:46,322] {processor.py:651} INFO - DAG(s) dict_keys(['atividade_aula_4']) retrieved from /Users/francilenesilva/Documents/data-engineer/apache-airflow/orquestrando-pipeline1/data-pipeline/airflow-alura/dags/atividade_aula_4.py
[2023-02-10 13:14:46,342] {logging_mixin.py:115} INFO - [2023-02-10 13:14:46,342] {dag.py:2379} INFO - Sync 1 DAGs
[2023-02-10 13:14:46,348] {logging_mixin.py:115} INFO - [2023-02-10 13:14:46,348] {dag.py:2927} INFO - Setting next_dagrun for atividade_aula_4 to 2023-02-10T00:00:00+00:00, run_after=2023-02-11T00:00:00+00:00
[2023-02-10 13:14:46,351] {processor.py:161} INFO - Processing /Users/francilenesilva/Documents/data-engineer/apache-airflow/orquestrando-pipeline1/data-pipeline/airflow-alura/dags/atividade_aula_4.py took 0.040 seconds
[2023-02-10 13:15:25,905] {processor.py:153} INFO - Started process (PID=23553) to work on /Users/francilenesilva/Documents/data-engineer/apache-airflow/orquestrando-pipeline1/data-pipeline/airflow-alura/dags/atividade_aula_4.py
[2023-02-10 13:15:25,905] {processor.py:641} INFO - Processing file /Users/francilenesilva/Documents/data-engineer/apache-airflow/orquestrando-pipeline1/data-pipeline/airflow-alura/dags/atividade_aula_4.py for tasks to queue
[2023-02-10 13:15:25,905] {logging_mixin.py:115} INFO - [2023-02-10 13:15:25,905] {dagbag.py:507} INFO - Filling up the DagBag from /Users/francilenesilva/Documents/data-engineer/apache-airflow/orquestrando-pipeline1/data-pipeline/airflow-alura/dags/atividade_aula_4.py
[2023-02-10 13:15:25,917] {processor.py:651} INFO - DAG(s) dict_keys(['atividade_aula_4']) retrieved from /Users/francilenesilva/Documents/data-engineer/apache-airflow/orquestrando-pipeline1/data-pipeline/airflow-alura/dags/atividade_aula_4.py
[2023-02-10 13:15:25,939] {logging_mixin.py:115} INFO - [2023-02-10 13:15:25,939] {dag.py:2379} INFO - Sync 1 DAGs
[2023-02-10 13:15:25,945] {logging_mixin.py:115} INFO - [2023-02-10 13:15:25,945] {dag.py:2927} INFO - Setting next_dagrun for atividade_aula_4 to 2023-02-10T00:00:00+00:00, run_after=2023-02-11T00:00:00+00:00
[2023-02-10 13:15:25,949] {processor.py:161} INFO - Processing /Users/francilenesilva/Documents/data-engineer/apache-airflow/orquestrando-pipeline1/data-pipeline/airflow-alura/dags/atividade_aula_4.py took 0.045 seconds
[2023-02-10 13:15:46,415] {processor.py:153} INFO - Started process (PID=23660) to work on /Users/francilenesilva/Documents/data-engineer/apache-airflow/orquestrando-pipeline1/data-pipeline/airflow-alura/dags/atividade_aula_4.py
[2023-02-10 13:15:46,415] {processor.py:641} INFO - Processing file /Users/francilenesilva/Documents/data-engineer/apache-airflow/orquestrando-pipeline1/data-pipeline/airflow-alura/dags/atividade_aula_4.py for tasks to queue
[2023-02-10 13:15:46,415] {logging_mixin.py:115} INFO - [2023-02-10 13:15:46,415] {dagbag.py:507} INFO - Filling up the DagBag from /Users/francilenesilva/Documents/data-engineer/apache-airflow/orquestrando-pipeline1/data-pipeline/airflow-alura/dags/atividade_aula_4.py
[2023-02-10 13:15:46,427] {processor.py:651} INFO - DAG(s) dict_keys(['atividade_aula_4']) retrieved from /Users/francilenesilva/Documents/data-engineer/apache-airflow/orquestrando-pipeline1/data-pipeline/airflow-alura/dags/atividade_aula_4.py
[2023-02-10 13:15:46,451] {logging_mixin.py:115} INFO - [2023-02-10 13:15:46,451] {dag.py:2379} INFO - Sync 1 DAGs
[2023-02-10 13:15:46,459] {logging_mixin.py:115} INFO - [2023-02-10 13:15:46,458] {dag.py:2927} INFO - Setting next_dagrun for atividade_aula_4 to 2023-02-10T00:00:00+00:00, run_after=2023-02-11T00:00:00+00:00
[2023-02-10 13:15:46,473] {processor.py:161} INFO - Processing /Users/francilenesilva/Documents/data-engineer/apache-airflow/orquestrando-pipeline1/data-pipeline/airflow-alura/dags/atividade_aula_4.py took 0.059 seconds
[2023-02-10 13:16:25,502] {processor.py:153} INFO - Started process (PID=23794) to work on /Users/francilenesilva/Documents/data-engineer/apache-airflow/orquestrando-pipeline1/data-pipeline/airflow-alura/dags/atividade_aula_4.py
[2023-02-10 13:16:25,503] {processor.py:641} INFO - Processing file /Users/francilenesilva/Documents/data-engineer/apache-airflow/orquestrando-pipeline1/data-pipeline/airflow-alura/dags/atividade_aula_4.py for tasks to queue
[2023-02-10 13:16:25,503] {logging_mixin.py:115} INFO - [2023-02-10 13:16:25,503] {dagbag.py:507} INFO - Filling up the DagBag from /Users/francilenesilva/Documents/data-engineer/apache-airflow/orquestrando-pipeline1/data-pipeline/airflow-alura/dags/atividade_aula_4.py
[2023-02-10 13:16:25,524] {processor.py:651} INFO - DAG(s) dict_keys(['atividade_aula_4']) retrieved from /Users/francilenesilva/Documents/data-engineer/apache-airflow/orquestrando-pipeline1/data-pipeline/airflow-alura/dags/atividade_aula_4.py
[2023-02-10 13:16:25,909] {logging_mixin.py:115} INFO - [2023-02-10 13:16:25,909] {dag.py:2379} INFO - Sync 1 DAGs
[2023-02-10 13:16:25,912] {logging_mixin.py:115} INFO - [2023-02-10 13:16:25,912] {dag.py:2398} INFO - Creating ORM DAG for atividade_aula_4
[2023-02-10 13:16:25,915] {logging_mixin.py:115} INFO - [2023-02-10 13:16:25,915] {dag.py:2927} INFO - Setting next_dagrun for atividade_aula_4 to 2023-02-09T00:00:00+00:00, run_after=2023-02-10T00:00:00+00:00
[2023-02-10 13:16:25,920] {processor.py:161} INFO - Processing /Users/francilenesilva/Documents/data-engineer/apache-airflow/orquestrando-pipeline1/data-pipeline/airflow-alura/dags/atividade_aula_4.py took 0.421 seconds
[2023-02-10 13:17:16,462] {processor.py:153} INFO - Started process (PID=23896) to work on /Users/francilenesilva/Documents/data-engineer/apache-airflow/orquestrando-pipeline1/data-pipeline/airflow-alura/dags/atividade_aula_4.py
[2023-02-10 13:17:16,463] {processor.py:641} INFO - Processing file /Users/francilenesilva/Documents/data-engineer/apache-airflow/orquestrando-pipeline1/data-pipeline/airflow-alura/dags/atividade_aula_4.py for tasks to queue
[2023-02-10 13:17:16,463] {logging_mixin.py:115} INFO - [2023-02-10 13:17:16,463] {dagbag.py:507} INFO - Filling up the DagBag from /Users/francilenesilva/Documents/data-engineer/apache-airflow/orquestrando-pipeline1/data-pipeline/airflow-alura/dags/atividade_aula_4.py
[2023-02-10 13:17:16,473] {processor.py:651} INFO - DAG(s) dict_keys(['atividade_aula_4']) retrieved from /Users/francilenesilva/Documents/data-engineer/apache-airflow/orquestrando-pipeline1/data-pipeline/airflow-alura/dags/atividade_aula_4.py
[2023-02-10 13:17:16,493] {logging_mixin.py:115} INFO - [2023-02-10 13:17:16,493] {dag.py:2379} INFO - Sync 1 DAGs
[2023-02-10 13:17:16,498] {logging_mixin.py:115} INFO - [2023-02-10 13:17:16,498] {dag.py:2927} INFO - Setting next_dagrun for atividade_aula_4 to 2023-02-09T00:00:00+00:00, run_after=2023-02-10T00:00:00+00:00
[2023-02-10 13:17:16,502] {processor.py:161} INFO - Processing /Users/francilenesilva/Documents/data-engineer/apache-airflow/orquestrando-pipeline1/data-pipeline/airflow-alura/dags/atividade_aula_4.py took 0.041 seconds
[2023-02-10 13:17:57,039] {processor.py:153} INFO - Started process (PID=23964) to work on /Users/francilenesilva/Documents/data-engineer/apache-airflow/orquestrando-pipeline1/data-pipeline/airflow-alura/dags/atividade_aula_4.py
[2023-02-10 13:17:57,040] {processor.py:641} INFO - Processing file /Users/francilenesilva/Documents/data-engineer/apache-airflow/orquestrando-pipeline1/data-pipeline/airflow-alura/dags/atividade_aula_4.py for tasks to queue
[2023-02-10 13:17:57,040] {logging_mixin.py:115} INFO - [2023-02-10 13:17:57,040] {dagbag.py:507} INFO - Filling up the DagBag from /Users/francilenesilva/Documents/data-engineer/apache-airflow/orquestrando-pipeline1/data-pipeline/airflow-alura/dags/atividade_aula_4.py
[2023-02-10 13:17:57,050] {processor.py:651} INFO - DAG(s) dict_keys(['atividade_aula_4']) retrieved from /Users/francilenesilva/Documents/data-engineer/apache-airflow/orquestrando-pipeline1/data-pipeline/airflow-alura/dags/atividade_aula_4.py
[2023-02-10 13:17:57,072] {logging_mixin.py:115} INFO - [2023-02-10 13:17:57,072] {dag.py:2379} INFO - Sync 1 DAGs
[2023-02-10 13:17:57,077] {logging_mixin.py:115} INFO - [2023-02-10 13:17:57,077] {dag.py:2927} INFO - Setting next_dagrun for atividade_aula_4 to 2023-02-09T00:00:00+00:00, run_after=2023-02-10T00:00:00+00:00
[2023-02-10 13:17:57,081] {processor.py:161} INFO - Processing /Users/francilenesilva/Documents/data-engineer/apache-airflow/orquestrando-pipeline1/data-pipeline/airflow-alura/dags/atividade_aula_4.py took 0.043 seconds
[2023-02-10 13:18:40,041] {processor.py:153} INFO - Started process (PID=24066) to work on /Users/francilenesilva/Documents/data-engineer/apache-airflow/orquestrando-pipeline1/data-pipeline/airflow-alura/dags/atividade_aula_4.py
[2023-02-10 13:18:40,041] {processor.py:641} INFO - Processing file /Users/francilenesilva/Documents/data-engineer/apache-airflow/orquestrando-pipeline1/data-pipeline/airflow-alura/dags/atividade_aula_4.py for tasks to queue
[2023-02-10 13:18:40,041] {logging_mixin.py:115} INFO - [2023-02-10 13:18:40,041] {dagbag.py:507} INFO - Filling up the DagBag from /Users/francilenesilva/Documents/data-engineer/apache-airflow/orquestrando-pipeline1/data-pipeline/airflow-alura/dags/atividade_aula_4.py
[2023-02-10 13:18:40,052] {processor.py:651} INFO - DAG(s) dict_keys(['atividade_aula_4']) retrieved from /Users/francilenesilva/Documents/data-engineer/apache-airflow/orquestrando-pipeline1/data-pipeline/airflow-alura/dags/atividade_aula_4.py
[2023-02-10 13:18:40,073] {logging_mixin.py:115} INFO - [2023-02-10 13:18:40,073] {dag.py:2379} INFO - Sync 1 DAGs
[2023-02-10 13:18:40,079] {logging_mixin.py:115} INFO - [2023-02-10 13:18:40,079] {dag.py:2927} INFO - Setting next_dagrun for atividade_aula_4 to 2023-02-09T00:00:00+00:00, run_after=2023-02-10T00:00:00+00:00
[2023-02-10 13:18:40,082] {processor.py:161} INFO - Processing /Users/francilenesilva/Documents/data-engineer/apache-airflow/orquestrando-pipeline1/data-pipeline/airflow-alura/dags/atividade_aula_4.py took 0.042 seconds
[2023-02-10 13:19:19,820] {processor.py:153} INFO - Started process (PID=24138) to work on /Users/francilenesilva/Documents/data-engineer/apache-airflow/orquestrando-pipeline1/data-pipeline/airflow-alura/dags/atividade_aula_4.py
[2023-02-10 13:19:19,821] {processor.py:641} INFO - Processing file /Users/francilenesilva/Documents/data-engineer/apache-airflow/orquestrando-pipeline1/data-pipeline/airflow-alura/dags/atividade_aula_4.py for tasks to queue
[2023-02-10 13:19:19,821] {logging_mixin.py:115} INFO - [2023-02-10 13:19:19,821] {dagbag.py:507} INFO - Filling up the DagBag from /Users/francilenesilva/Documents/data-engineer/apache-airflow/orquestrando-pipeline1/data-pipeline/airflow-alura/dags/atividade_aula_4.py
[2023-02-10 13:19:19,831] {processor.py:651} INFO - DAG(s) dict_keys(['atividade_aula_4']) retrieved from /Users/francilenesilva/Documents/data-engineer/apache-airflow/orquestrando-pipeline1/data-pipeline/airflow-alura/dags/atividade_aula_4.py
[2023-02-10 13:19:19,852] {logging_mixin.py:115} INFO - [2023-02-10 13:19:19,852] {dag.py:2379} INFO - Sync 1 DAGs
[2023-02-10 13:19:19,857] {logging_mixin.py:115} INFO - [2023-02-10 13:19:19,857] {dag.py:2927} INFO - Setting next_dagrun for atividade_aula_4 to 2023-02-09T00:00:00+00:00, run_after=2023-02-10T00:00:00+00:00
[2023-02-10 13:19:19,860] {processor.py:161} INFO - Processing /Users/francilenesilva/Documents/data-engineer/apache-airflow/orquestrando-pipeline1/data-pipeline/airflow-alura/dags/atividade_aula_4.py took 0.041 seconds
[2023-02-10 13:19:58,806] {processor.py:153} INFO - Started process (PID=24206) to work on /Users/francilenesilva/Documents/data-engineer/apache-airflow/orquestrando-pipeline1/data-pipeline/airflow-alura/dags/atividade_aula_4.py
[2023-02-10 13:19:58,807] {processor.py:641} INFO - Processing file /Users/francilenesilva/Documents/data-engineer/apache-airflow/orquestrando-pipeline1/data-pipeline/airflow-alura/dags/atividade_aula_4.py for tasks to queue
[2023-02-10 13:19:58,807] {logging_mixin.py:115} INFO - [2023-02-10 13:19:58,807] {dagbag.py:507} INFO - Filling up the DagBag from /Users/francilenesilva/Documents/data-engineer/apache-airflow/orquestrando-pipeline1/data-pipeline/airflow-alura/dags/atividade_aula_4.py
[2023-02-10 13:19:58,818] {processor.py:651} INFO - DAG(s) dict_keys(['atividade_aula_4']) retrieved from /Users/francilenesilva/Documents/data-engineer/apache-airflow/orquestrando-pipeline1/data-pipeline/airflow-alura/dags/atividade_aula_4.py
[2023-02-10 13:19:58,840] {logging_mixin.py:115} INFO - [2023-02-10 13:19:58,840] {dag.py:2379} INFO - Sync 1 DAGs
[2023-02-10 13:19:58,845] {logging_mixin.py:115} INFO - [2023-02-10 13:19:58,845] {dag.py:2927} INFO - Setting next_dagrun for atividade_aula_4 to 2023-02-09T00:00:00+00:00, run_after=2023-02-10T00:00:00+00:00
[2023-02-10 13:19:58,849] {processor.py:161} INFO - Processing /Users/francilenesilva/Documents/data-engineer/apache-airflow/orquestrando-pipeline1/data-pipeline/airflow-alura/dags/atividade_aula_4.py took 0.045 seconds
[2023-02-10 13:20:36,642] {processor.py:153} INFO - Started process (PID=24296) to work on /Users/francilenesilva/Documents/data-engineer/apache-airflow/orquestrando-pipeline1/data-pipeline/airflow-alura/dags/atividade_aula_4.py
[2023-02-10 13:20:36,642] {processor.py:641} INFO - Processing file /Users/francilenesilva/Documents/data-engineer/apache-airflow/orquestrando-pipeline1/data-pipeline/airflow-alura/dags/atividade_aula_4.py for tasks to queue
[2023-02-10 13:20:36,642] {logging_mixin.py:115} INFO - [2023-02-10 13:20:36,642] {dagbag.py:507} INFO - Filling up the DagBag from /Users/francilenesilva/Documents/data-engineer/apache-airflow/orquestrando-pipeline1/data-pipeline/airflow-alura/dags/atividade_aula_4.py
[2023-02-10 13:20:36,654] {processor.py:651} INFO - DAG(s) dict_keys(['atividade_aula_4']) retrieved from /Users/francilenesilva/Documents/data-engineer/apache-airflow/orquestrando-pipeline1/data-pipeline/airflow-alura/dags/atividade_aula_4.py
[2023-02-10 13:20:36,678] {logging_mixin.py:115} INFO - [2023-02-10 13:20:36,678] {dag.py:2379} INFO - Sync 1 DAGs
[2023-02-10 13:20:36,684] {logging_mixin.py:115} INFO - [2023-02-10 13:20:36,684] {dag.py:2927} INFO - Setting next_dagrun for atividade_aula_4 to 2023-02-09T00:00:00+00:00, run_after=2023-02-10T00:00:00+00:00
[2023-02-10 13:20:36,688] {processor.py:161} INFO - Processing /Users/francilenesilva/Documents/data-engineer/apache-airflow/orquestrando-pipeline1/data-pipeline/airflow-alura/dags/atividade_aula_4.py took 0.048 seconds
[2023-02-10 13:21:17,811] {processor.py:153} INFO - Started process (PID=24366) to work on /Users/francilenesilva/Documents/data-engineer/apache-airflow/orquestrando-pipeline1/data-pipeline/airflow-alura/dags/atividade_aula_4.py
[2023-02-10 13:21:17,812] {processor.py:641} INFO - Processing file /Users/francilenesilva/Documents/data-engineer/apache-airflow/orquestrando-pipeline1/data-pipeline/airflow-alura/dags/atividade_aula_4.py for tasks to queue
[2023-02-10 13:21:17,812] {logging_mixin.py:115} INFO - [2023-02-10 13:21:17,812] {dagbag.py:507} INFO - Filling up the DagBag from /Users/francilenesilva/Documents/data-engineer/apache-airflow/orquestrando-pipeline1/data-pipeline/airflow-alura/dags/atividade_aula_4.py
[2023-02-10 13:21:17,822] {processor.py:651} INFO - DAG(s) dict_keys(['atividade_aula_4']) retrieved from /Users/francilenesilva/Documents/data-engineer/apache-airflow/orquestrando-pipeline1/data-pipeline/airflow-alura/dags/atividade_aula_4.py
[2023-02-10 13:21:17,842] {logging_mixin.py:115} INFO - [2023-02-10 13:21:17,842] {dag.py:2379} INFO - Sync 1 DAGs
[2023-02-10 13:21:17,847] {logging_mixin.py:115} INFO - [2023-02-10 13:21:17,847] {dag.py:2927} INFO - Setting next_dagrun for atividade_aula_4 to 2023-02-09T00:00:00+00:00, run_after=2023-02-10T00:00:00+00:00
[2023-02-10 13:21:17,851] {processor.py:161} INFO - Processing /Users/francilenesilva/Documents/data-engineer/apache-airflow/orquestrando-pipeline1/data-pipeline/airflow-alura/dags/atividade_aula_4.py took 0.041 seconds
[2023-02-10 13:21:56,264] {processor.py:153} INFO - Started process (PID=24440) to work on /Users/francilenesilva/Documents/data-engineer/apache-airflow/orquestrando-pipeline1/data-pipeline/airflow-alura/dags/atividade_aula_4.py
[2023-02-10 13:21:56,265] {processor.py:641} INFO - Processing file /Users/francilenesilva/Documents/data-engineer/apache-airflow/orquestrando-pipeline1/data-pipeline/airflow-alura/dags/atividade_aula_4.py for tasks to queue
[2023-02-10 13:21:56,265] {logging_mixin.py:115} INFO - [2023-02-10 13:21:56,265] {dagbag.py:507} INFO - Filling up the DagBag from /Users/francilenesilva/Documents/data-engineer/apache-airflow/orquestrando-pipeline1/data-pipeline/airflow-alura/dags/atividade_aula_4.py
[2023-02-10 13:21:56,275] {processor.py:651} INFO - DAG(s) dict_keys(['atividade_aula_4']) retrieved from /Users/francilenesilva/Documents/data-engineer/apache-airflow/orquestrando-pipeline1/data-pipeline/airflow-alura/dags/atividade_aula_4.py
[2023-02-10 13:21:56,296] {logging_mixin.py:115} INFO - [2023-02-10 13:21:56,296] {dag.py:2379} INFO - Sync 1 DAGs
[2023-02-10 13:21:56,301] {logging_mixin.py:115} INFO - [2023-02-10 13:21:56,301] {dag.py:2927} INFO - Setting next_dagrun for atividade_aula_4 to 2023-02-09T00:00:00+00:00, run_after=2023-02-10T00:00:00+00:00
[2023-02-10 13:21:56,304] {processor.py:161} INFO - Processing /Users/francilenesilva/Documents/data-engineer/apache-airflow/orquestrando-pipeline1/data-pipeline/airflow-alura/dags/atividade_aula_4.py took 0.042 seconds
[2023-02-10 13:22:12,241] {processor.py:153} INFO - Started process (PID=24534) to work on /Users/francilenesilva/Documents/data-engineer/apache-airflow/orquestrando-pipeline1/data-pipeline/airflow-alura/dags/atividade_aula_4.py
[2023-02-10 13:22:12,241] {processor.py:641} INFO - Processing file /Users/francilenesilva/Documents/data-engineer/apache-airflow/orquestrando-pipeline1/data-pipeline/airflow-alura/dags/atividade_aula_4.py for tasks to queue
[2023-02-10 13:22:12,242] {logging_mixin.py:115} INFO - [2023-02-10 13:22:12,242] {dagbag.py:507} INFO - Filling up the DagBag from /Users/francilenesilva/Documents/data-engineer/apache-airflow/orquestrando-pipeline1/data-pipeline/airflow-alura/dags/atividade_aula_4.py
[2023-02-10 13:22:12,253] {processor.py:651} INFO - DAG(s) dict_keys(['atividade_aula_4']) retrieved from /Users/francilenesilva/Documents/data-engineer/apache-airflow/orquestrando-pipeline1/data-pipeline/airflow-alura/dags/atividade_aula_4.py
[2023-02-10 13:22:12,276] {logging_mixin.py:115} INFO - [2023-02-10 13:22:12,276] {dag.py:2379} INFO - Sync 1 DAGs
[2023-02-10 13:22:12,282] {logging_mixin.py:115} INFO - [2023-02-10 13:22:12,282] {dag.py:2927} INFO - Setting next_dagrun for atividade_aula_4 to 2023-02-09T00:00:00+00:00, run_after=2023-02-10T00:00:00+00:00
[2023-02-10 13:22:12,286] {processor.py:161} INFO - Processing /Users/francilenesilva/Documents/data-engineer/apache-airflow/orquestrando-pipeline1/data-pipeline/airflow-alura/dags/atividade_aula_4.py took 0.046 seconds
[2023-02-10 13:23:03,167] {processor.py:153} INFO - Started process (PID=24646) to work on /Users/francilenesilva/Documents/data-engineer/apache-airflow/orquestrando-pipeline1/data-pipeline/airflow-alura/dags/atividade_aula_4.py
[2023-02-10 13:23:03,168] {processor.py:641} INFO - Processing file /Users/francilenesilva/Documents/data-engineer/apache-airflow/orquestrando-pipeline1/data-pipeline/airflow-alura/dags/atividade_aula_4.py for tasks to queue
[2023-02-10 13:23:03,168] {logging_mixin.py:115} INFO - [2023-02-10 13:23:03,168] {dagbag.py:507} INFO - Filling up the DagBag from /Users/francilenesilva/Documents/data-engineer/apache-airflow/orquestrando-pipeline1/data-pipeline/airflow-alura/dags/atividade_aula_4.py
[2023-02-10 13:23:03,179] {processor.py:651} INFO - DAG(s) dict_keys(['atividade_aula_4']) retrieved from /Users/francilenesilva/Documents/data-engineer/apache-airflow/orquestrando-pipeline1/data-pipeline/airflow-alura/dags/atividade_aula_4.py
[2023-02-10 13:23:03,200] {logging_mixin.py:115} INFO - [2023-02-10 13:23:03,200] {dag.py:2379} INFO - Sync 1 DAGs
[2023-02-10 13:23:03,205] {logging_mixin.py:115} INFO - [2023-02-10 13:23:03,205] {dag.py:2927} INFO - Setting next_dagrun for atividade_aula_4 to 2023-02-09T00:00:00+00:00, run_after=2023-02-10T00:00:00+00:00
[2023-02-10 13:23:03,209] {processor.py:161} INFO - Processing /Users/francilenesilva/Documents/data-engineer/apache-airflow/orquestrando-pipeline1/data-pipeline/airflow-alura/dags/atividade_aula_4.py took 0.043 seconds
[2023-02-10 13:23:27,309] {processor.py:153} INFO - Started process (PID=24737) to work on /Users/francilenesilva/Documents/data-engineer/apache-airflow/orquestrando-pipeline1/data-pipeline/airflow-alura/dags/atividade_aula_4.py
[2023-02-10 13:23:27,309] {processor.py:641} INFO - Processing file /Users/francilenesilva/Documents/data-engineer/apache-airflow/orquestrando-pipeline1/data-pipeline/airflow-alura/dags/atividade_aula_4.py for tasks to queue
[2023-02-10 13:23:27,309] {logging_mixin.py:115} INFO - [2023-02-10 13:23:27,309] {dagbag.py:507} INFO - Filling up the DagBag from /Users/francilenesilva/Documents/data-engineer/apache-airflow/orquestrando-pipeline1/data-pipeline/airflow-alura/dags/atividade_aula_4.py
[2023-02-10 13:23:27,320] {processor.py:651} INFO - DAG(s) dict_keys(['atividade_aula_4']) retrieved from /Users/francilenesilva/Documents/data-engineer/apache-airflow/orquestrando-pipeline1/data-pipeline/airflow-alura/dags/atividade_aula_4.py
[2023-02-10 13:23:27,340] {logging_mixin.py:115} INFO - [2023-02-10 13:23:27,340] {dag.py:2379} INFO - Sync 1 DAGs
[2023-02-10 13:23:27,345] {logging_mixin.py:115} INFO - [2023-02-10 13:23:27,345] {dag.py:2927} INFO - Setting next_dagrun for atividade_aula_4 to 2023-02-09T00:00:00+00:00, run_after=2023-02-10T00:00:00+00:00
[2023-02-10 13:23:27,349] {processor.py:161} INFO - Processing /Users/francilenesilva/Documents/data-engineer/apache-airflow/orquestrando-pipeline1/data-pipeline/airflow-alura/dags/atividade_aula_4.py took 0.041 seconds
[2023-02-10 13:24:17,410] {processor.py:153} INFO - Started process (PID=24843) to work on /Users/francilenesilva/Documents/data-engineer/apache-airflow/orquestrando-pipeline1/data-pipeline/airflow-alura/dags/atividade_aula_4.py
[2023-02-10 13:24:17,411] {processor.py:641} INFO - Processing file /Users/francilenesilva/Documents/data-engineer/apache-airflow/orquestrando-pipeline1/data-pipeline/airflow-alura/dags/atividade_aula_4.py for tasks to queue
[2023-02-10 13:24:17,412] {logging_mixin.py:115} INFO - [2023-02-10 13:24:17,412] {dagbag.py:507} INFO - Filling up the DagBag from /Users/francilenesilva/Documents/data-engineer/apache-airflow/orquestrando-pipeline1/data-pipeline/airflow-alura/dags/atividade_aula_4.py
[2023-02-10 13:24:17,422] {processor.py:651} INFO - DAG(s) dict_keys(['atividade_aula_4']) retrieved from /Users/francilenesilva/Documents/data-engineer/apache-airflow/orquestrando-pipeline1/data-pipeline/airflow-alura/dags/atividade_aula_4.py
[2023-02-10 13:24:17,444] {logging_mixin.py:115} INFO - [2023-02-10 13:24:17,444] {dag.py:2379} INFO - Sync 1 DAGs
[2023-02-10 13:24:17,450] {logging_mixin.py:115} INFO - [2023-02-10 13:24:17,450] {dag.py:2927} INFO - Setting next_dagrun for atividade_aula_4 to 2023-02-09T00:00:00+00:00, run_after=2023-02-10T00:00:00+00:00
[2023-02-10 13:24:17,454] {processor.py:161} INFO - Processing /Users/francilenesilva/Documents/data-engineer/apache-airflow/orquestrando-pipeline1/data-pipeline/airflow-alura/dags/atividade_aula_4.py took 0.045 seconds
[2023-02-10 13:24:58,512] {processor.py:153} INFO - Started process (PID=25023) to work on /Users/francilenesilva/Documents/data-engineer/apache-airflow/orquestrando-pipeline1/data-pipeline/airflow-alura/dags/atividade_aula_4.py
[2023-02-10 13:24:58,513] {processor.py:641} INFO - Processing file /Users/francilenesilva/Documents/data-engineer/apache-airflow/orquestrando-pipeline1/data-pipeline/airflow-alura/dags/atividade_aula_4.py for tasks to queue
[2023-02-10 13:24:58,513] {logging_mixin.py:115} INFO - [2023-02-10 13:24:58,513] {dagbag.py:507} INFO - Filling up the DagBag from /Users/francilenesilva/Documents/data-engineer/apache-airflow/orquestrando-pipeline1/data-pipeline/airflow-alura/dags/atividade_aula_4.py
[2023-02-10 13:24:58,523] {processor.py:651} INFO - DAG(s) dict_keys(['atividade_aula_4']) retrieved from /Users/francilenesilva/Documents/data-engineer/apache-airflow/orquestrando-pipeline1/data-pipeline/airflow-alura/dags/atividade_aula_4.py
[2023-02-10 13:24:58,543] {logging_mixin.py:115} INFO - [2023-02-10 13:24:58,543] {dag.py:2379} INFO - Sync 1 DAGs
[2023-02-10 13:24:58,548] {logging_mixin.py:115} INFO - [2023-02-10 13:24:58,548] {dag.py:2927} INFO - Setting next_dagrun for atividade_aula_4 to 2023-02-09T00:00:00+00:00, run_after=2023-02-10T00:00:00+00:00
[2023-02-10 13:24:58,552] {processor.py:161} INFO - Processing /Users/francilenesilva/Documents/data-engineer/apache-airflow/orquestrando-pipeline1/data-pipeline/airflow-alura/dags/atividade_aula_4.py took 0.040 seconds
[2023-02-10 13:25:37,892] {processor.py:153} INFO - Started process (PID=25114) to work on /Users/francilenesilva/Documents/data-engineer/apache-airflow/orquestrando-pipeline1/data-pipeline/airflow-alura/dags/atividade_aula_4.py
[2023-02-10 13:25:37,893] {processor.py:641} INFO - Processing file /Users/francilenesilva/Documents/data-engineer/apache-airflow/orquestrando-pipeline1/data-pipeline/airflow-alura/dags/atividade_aula_4.py for tasks to queue
[2023-02-10 13:25:37,893] {logging_mixin.py:115} INFO - [2023-02-10 13:25:37,893] {dagbag.py:507} INFO - Filling up the DagBag from /Users/francilenesilva/Documents/data-engineer/apache-airflow/orquestrando-pipeline1/data-pipeline/airflow-alura/dags/atividade_aula_4.py
[2023-02-10 13:25:37,903] {processor.py:651} INFO - DAG(s) dict_keys(['atividade_aula_4']) retrieved from /Users/francilenesilva/Documents/data-engineer/apache-airflow/orquestrando-pipeline1/data-pipeline/airflow-alura/dags/atividade_aula_4.py
[2023-02-10 13:25:37,923] {logging_mixin.py:115} INFO - [2023-02-10 13:25:37,923] {dag.py:2379} INFO - Sync 1 DAGs
[2023-02-10 13:25:37,928] {logging_mixin.py:115} INFO - [2023-02-10 13:25:37,928] {dag.py:2927} INFO - Setting next_dagrun for atividade_aula_4 to 2023-02-09T00:00:00+00:00, run_after=2023-02-10T00:00:00+00:00
[2023-02-10 13:25:37,931] {processor.py:161} INFO - Processing /Users/francilenesilva/Documents/data-engineer/apache-airflow/orquestrando-pipeline1/data-pipeline/airflow-alura/dags/atividade_aula_4.py took 0.040 seconds
[2023-02-10 13:26:16,357] {processor.py:153} INFO - Started process (PID=25181) to work on /Users/francilenesilva/Documents/data-engineer/apache-airflow/orquestrando-pipeline1/data-pipeline/airflow-alura/dags/atividade_aula_4.py
[2023-02-10 13:26:16,358] {processor.py:641} INFO - Processing file /Users/francilenesilva/Documents/data-engineer/apache-airflow/orquestrando-pipeline1/data-pipeline/airflow-alura/dags/atividade_aula_4.py for tasks to queue
[2023-02-10 13:26:16,358] {logging_mixin.py:115} INFO - [2023-02-10 13:26:16,358] {dagbag.py:507} INFO - Filling up the DagBag from /Users/francilenesilva/Documents/data-engineer/apache-airflow/orquestrando-pipeline1/data-pipeline/airflow-alura/dags/atividade_aula_4.py
[2023-02-10 13:26:16,368] {processor.py:651} INFO - DAG(s) dict_keys(['atividade_aula_4']) retrieved from /Users/francilenesilva/Documents/data-engineer/apache-airflow/orquestrando-pipeline1/data-pipeline/airflow-alura/dags/atividade_aula_4.py
[2023-02-10 13:26:16,388] {logging_mixin.py:115} INFO - [2023-02-10 13:26:16,388] {dag.py:2379} INFO - Sync 1 DAGs
[2023-02-10 13:26:16,393] {logging_mixin.py:115} INFO - [2023-02-10 13:26:16,393] {dag.py:2927} INFO - Setting next_dagrun for atividade_aula_4 to 2023-02-09T00:00:00+00:00, run_after=2023-02-10T00:00:00+00:00
[2023-02-10 13:26:16,397] {processor.py:161} INFO - Processing /Users/francilenesilva/Documents/data-engineer/apache-airflow/orquestrando-pipeline1/data-pipeline/airflow-alura/dags/atividade_aula_4.py took 0.040 seconds
[2023-02-10 13:26:52,902] {processor.py:153} INFO - Started process (PID=25247) to work on /Users/francilenesilva/Documents/data-engineer/apache-airflow/orquestrando-pipeline1/data-pipeline/airflow-alura/dags/atividade_aula_4.py
[2023-02-10 13:26:52,902] {processor.py:641} INFO - Processing file /Users/francilenesilva/Documents/data-engineer/apache-airflow/orquestrando-pipeline1/data-pipeline/airflow-alura/dags/atividade_aula_4.py for tasks to queue
[2023-02-10 13:26:52,902] {logging_mixin.py:115} INFO - [2023-02-10 13:26:52,902] {dagbag.py:507} INFO - Filling up the DagBag from /Users/francilenesilva/Documents/data-engineer/apache-airflow/orquestrando-pipeline1/data-pipeline/airflow-alura/dags/atividade_aula_4.py
[2023-02-10 13:26:52,912] {processor.py:651} INFO - DAG(s) dict_keys(['atividade_aula_4']) retrieved from /Users/francilenesilva/Documents/data-engineer/apache-airflow/orquestrando-pipeline1/data-pipeline/airflow-alura/dags/atividade_aula_4.py
[2023-02-10 13:26:52,932] {logging_mixin.py:115} INFO - [2023-02-10 13:26:52,932] {dag.py:2379} INFO - Sync 1 DAGs
[2023-02-10 13:26:52,937] {logging_mixin.py:115} INFO - [2023-02-10 13:26:52,937] {dag.py:2927} INFO - Setting next_dagrun for atividade_aula_4 to 2023-02-09T00:00:00+00:00, run_after=2023-02-10T00:00:00+00:00
[2023-02-10 13:26:52,941] {processor.py:161} INFO - Processing /Users/francilenesilva/Documents/data-engineer/apache-airflow/orquestrando-pipeline1/data-pipeline/airflow-alura/dags/atividade_aula_4.py took 0.040 seconds
[2023-02-10 13:27:28,966] {processor.py:153} INFO - Started process (PID=25308) to work on /Users/francilenesilva/Documents/data-engineer/apache-airflow/orquestrando-pipeline1/data-pipeline/airflow-alura/dags/atividade_aula_4.py
[2023-02-10 13:27:28,967] {processor.py:641} INFO - Processing file /Users/francilenesilva/Documents/data-engineer/apache-airflow/orquestrando-pipeline1/data-pipeline/airflow-alura/dags/atividade_aula_4.py for tasks to queue
[2023-02-10 13:27:28,967] {logging_mixin.py:115} INFO - [2023-02-10 13:27:28,967] {dagbag.py:507} INFO - Filling up the DagBag from /Users/francilenesilva/Documents/data-engineer/apache-airflow/orquestrando-pipeline1/data-pipeline/airflow-alura/dags/atividade_aula_4.py
[2023-02-10 13:27:28,976] {processor.py:651} INFO - DAG(s) dict_keys(['atividade_aula_4']) retrieved from /Users/francilenesilva/Documents/data-engineer/apache-airflow/orquestrando-pipeline1/data-pipeline/airflow-alura/dags/atividade_aula_4.py
[2023-02-10 13:27:28,996] {logging_mixin.py:115} INFO - [2023-02-10 13:27:28,996] {dag.py:2379} INFO - Sync 1 DAGs
[2023-02-10 13:27:29,001] {logging_mixin.py:115} INFO - [2023-02-10 13:27:29,001] {dag.py:2927} INFO - Setting next_dagrun for atividade_aula_4 to 2023-02-09T00:00:00+00:00, run_after=2023-02-10T00:00:00+00:00
[2023-02-10 13:27:29,005] {processor.py:161} INFO - Processing /Users/francilenesilva/Documents/data-engineer/apache-airflow/orquestrando-pipeline1/data-pipeline/airflow-alura/dags/atividade_aula_4.py took 0.040 seconds
[2023-02-10 13:28:05,462] {processor.py:153} INFO - Started process (PID=25369) to work on /Users/francilenesilva/Documents/data-engineer/apache-airflow/orquestrando-pipeline1/data-pipeline/airflow-alura/dags/atividade_aula_4.py
[2023-02-10 13:28:05,462] {processor.py:641} INFO - Processing file /Users/francilenesilva/Documents/data-engineer/apache-airflow/orquestrando-pipeline1/data-pipeline/airflow-alura/dags/atividade_aula_4.py for tasks to queue
[2023-02-10 13:28:05,462] {logging_mixin.py:115} INFO - [2023-02-10 13:28:05,462] {dagbag.py:507} INFO - Filling up the DagBag from /Users/francilenesilva/Documents/data-engineer/apache-airflow/orquestrando-pipeline1/data-pipeline/airflow-alura/dags/atividade_aula_4.py
[2023-02-10 13:28:05,472] {processor.py:651} INFO - DAG(s) dict_keys(['atividade_aula_4']) retrieved from /Users/francilenesilva/Documents/data-engineer/apache-airflow/orquestrando-pipeline1/data-pipeline/airflow-alura/dags/atividade_aula_4.py
[2023-02-10 13:28:05,492] {logging_mixin.py:115} INFO - [2023-02-10 13:28:05,492] {dag.py:2379} INFO - Sync 1 DAGs
[2023-02-10 13:28:05,497] {logging_mixin.py:115} INFO - [2023-02-10 13:28:05,497] {dag.py:2927} INFO - Setting next_dagrun for atividade_aula_4 to 2023-02-09T00:00:00+00:00, run_after=2023-02-10T00:00:00+00:00
[2023-02-10 13:28:05,501] {processor.py:161} INFO - Processing /Users/francilenesilva/Documents/data-engineer/apache-airflow/orquestrando-pipeline1/data-pipeline/airflow-alura/dags/atividade_aula_4.py took 0.040 seconds
[2023-02-10 13:28:47,031] {processor.py:153} INFO - Started process (PID=25442) to work on /Users/francilenesilva/Documents/data-engineer/apache-airflow/orquestrando-pipeline1/data-pipeline/airflow-alura/dags/atividade_aula_4.py
[2023-02-10 13:28:47,032] {processor.py:641} INFO - Processing file /Users/francilenesilva/Documents/data-engineer/apache-airflow/orquestrando-pipeline1/data-pipeline/airflow-alura/dags/atividade_aula_4.py for tasks to queue
[2023-02-10 13:28:47,032] {logging_mixin.py:115} INFO - [2023-02-10 13:28:47,032] {dagbag.py:507} INFO - Filling up the DagBag from /Users/francilenesilva/Documents/data-engineer/apache-airflow/orquestrando-pipeline1/data-pipeline/airflow-alura/dags/atividade_aula_4.py
[2023-02-10 13:28:47,041] {processor.py:651} INFO - DAG(s) dict_keys(['atividade_aula_4']) retrieved from /Users/francilenesilva/Documents/data-engineer/apache-airflow/orquestrando-pipeline1/data-pipeline/airflow-alura/dags/atividade_aula_4.py
[2023-02-10 13:28:47,061] {logging_mixin.py:115} INFO - [2023-02-10 13:28:47,061] {dag.py:2379} INFO - Sync 1 DAGs
[2023-02-10 13:28:47,066] {logging_mixin.py:115} INFO - [2023-02-10 13:28:47,066] {dag.py:2927} INFO - Setting next_dagrun for atividade_aula_4 to 2023-02-09T00:00:00+00:00, run_after=2023-02-10T00:00:00+00:00
[2023-02-10 13:28:47,070] {processor.py:161} INFO - Processing /Users/francilenesilva/Documents/data-engineer/apache-airflow/orquestrando-pipeline1/data-pipeline/airflow-alura/dags/atividade_aula_4.py took 0.040 seconds
[2023-02-10 13:29:25,393] {processor.py:153} INFO - Started process (PID=25507) to work on /Users/francilenesilva/Documents/data-engineer/apache-airflow/orquestrando-pipeline1/data-pipeline/airflow-alura/dags/atividade_aula_4.py
[2023-02-10 13:29:25,394] {processor.py:641} INFO - Processing file /Users/francilenesilva/Documents/data-engineer/apache-airflow/orquestrando-pipeline1/data-pipeline/airflow-alura/dags/atividade_aula_4.py for tasks to queue
[2023-02-10 13:29:25,394] {logging_mixin.py:115} INFO - [2023-02-10 13:29:25,394] {dagbag.py:507} INFO - Filling up the DagBag from /Users/francilenesilva/Documents/data-engineer/apache-airflow/orquestrando-pipeline1/data-pipeline/airflow-alura/dags/atividade_aula_4.py
[2023-02-10 13:29:25,405] {processor.py:651} INFO - DAG(s) dict_keys(['atividade_aula_4']) retrieved from /Users/francilenesilva/Documents/data-engineer/apache-airflow/orquestrando-pipeline1/data-pipeline/airflow-alura/dags/atividade_aula_4.py
[2023-02-10 13:29:25,426] {logging_mixin.py:115} INFO - [2023-02-10 13:29:25,426] {dag.py:2379} INFO - Sync 1 DAGs
[2023-02-10 13:29:25,431] {logging_mixin.py:115} INFO - [2023-02-10 13:29:25,431] {dag.py:2927} INFO - Setting next_dagrun for atividade_aula_4 to 2023-02-09T00:00:00+00:00, run_after=2023-02-10T00:00:00+00:00
[2023-02-10 13:29:25,435] {processor.py:161} INFO - Processing /Users/francilenesilva/Documents/data-engineer/apache-airflow/orquestrando-pipeline1/data-pipeline/airflow-alura/dags/atividade_aula_4.py took 0.043 seconds
[2023-02-10 13:30:07,695] {processor.py:153} INFO - Started process (PID=25580) to work on /Users/francilenesilva/Documents/data-engineer/apache-airflow/orquestrando-pipeline1/data-pipeline/airflow-alura/dags/atividade_aula_4.py
[2023-02-10 13:30:07,696] {processor.py:641} INFO - Processing file /Users/francilenesilva/Documents/data-engineer/apache-airflow/orquestrando-pipeline1/data-pipeline/airflow-alura/dags/atividade_aula_4.py for tasks to queue
[2023-02-10 13:30:07,696] {logging_mixin.py:115} INFO - [2023-02-10 13:30:07,696] {dagbag.py:507} INFO - Filling up the DagBag from /Users/francilenesilva/Documents/data-engineer/apache-airflow/orquestrando-pipeline1/data-pipeline/airflow-alura/dags/atividade_aula_4.py
[2023-02-10 13:30:07,706] {processor.py:651} INFO - DAG(s) dict_keys(['atividade_aula_4']) retrieved from /Users/francilenesilva/Documents/data-engineer/apache-airflow/orquestrando-pipeline1/data-pipeline/airflow-alura/dags/atividade_aula_4.py
[2023-02-10 13:30:07,726] {logging_mixin.py:115} INFO - [2023-02-10 13:30:07,726] {dag.py:2379} INFO - Sync 1 DAGs
[2023-02-10 13:30:07,731] {logging_mixin.py:115} INFO - [2023-02-10 13:30:07,731] {dag.py:2927} INFO - Setting next_dagrun for atividade_aula_4 to 2023-02-09T00:00:00+00:00, run_after=2023-02-10T00:00:00+00:00
[2023-02-10 13:30:07,735] {processor.py:161} INFO - Processing /Users/francilenesilva/Documents/data-engineer/apache-airflow/orquestrando-pipeline1/data-pipeline/airflow-alura/dags/atividade_aula_4.py took 0.040 seconds
[2023-02-10 13:30:46,448] {processor.py:153} INFO - Started process (PID=25646) to work on /Users/francilenesilva/Documents/data-engineer/apache-airflow/orquestrando-pipeline1/data-pipeline/airflow-alura/dags/atividade_aula_4.py
[2023-02-10 13:30:46,448] {processor.py:641} INFO - Processing file /Users/francilenesilva/Documents/data-engineer/apache-airflow/orquestrando-pipeline1/data-pipeline/airflow-alura/dags/atividade_aula_4.py for tasks to queue
[2023-02-10 13:30:46,449] {logging_mixin.py:115} INFO - [2023-02-10 13:30:46,449] {dagbag.py:507} INFO - Filling up the DagBag from /Users/francilenesilva/Documents/data-engineer/apache-airflow/orquestrando-pipeline1/data-pipeline/airflow-alura/dags/atividade_aula_4.py
[2023-02-10 13:30:46,460] {processor.py:651} INFO - DAG(s) dict_keys(['atividade_aula_4']) retrieved from /Users/francilenesilva/Documents/data-engineer/apache-airflow/orquestrando-pipeline1/data-pipeline/airflow-alura/dags/atividade_aula_4.py
[2023-02-10 13:30:46,485] {logging_mixin.py:115} INFO - [2023-02-10 13:30:46,485] {dag.py:2379} INFO - Sync 1 DAGs
[2023-02-10 13:30:46,492] {logging_mixin.py:115} INFO - [2023-02-10 13:30:46,492] {dag.py:2927} INFO - Setting next_dagrun for atividade_aula_4 to 2023-02-09T00:00:00+00:00, run_after=2023-02-10T00:00:00+00:00
[2023-02-10 13:30:46,495] {processor.py:161} INFO - Processing /Users/francilenesilva/Documents/data-engineer/apache-airflow/orquestrando-pipeline1/data-pipeline/airflow-alura/dags/atividade_aula_4.py took 0.049 seconds
[2023-02-10 13:31:27,423] {processor.py:153} INFO - Started process (PID=25715) to work on /Users/francilenesilva/Documents/data-engineer/apache-airflow/orquestrando-pipeline1/data-pipeline/airflow-alura/dags/atividade_aula_4.py
[2023-02-10 13:31:27,424] {processor.py:641} INFO - Processing file /Users/francilenesilva/Documents/data-engineer/apache-airflow/orquestrando-pipeline1/data-pipeline/airflow-alura/dags/atividade_aula_4.py for tasks to queue
[2023-02-10 13:31:27,424] {logging_mixin.py:115} INFO - [2023-02-10 13:31:27,424] {dagbag.py:507} INFO - Filling up the DagBag from /Users/francilenesilva/Documents/data-engineer/apache-airflow/orquestrando-pipeline1/data-pipeline/airflow-alura/dags/atividade_aula_4.py
[2023-02-10 13:31:27,436] {processor.py:651} INFO - DAG(s) dict_keys(['atividade_aula_4']) retrieved from /Users/francilenesilva/Documents/data-engineer/apache-airflow/orquestrando-pipeline1/data-pipeline/airflow-alura/dags/atividade_aula_4.py
[2023-02-10 13:31:27,459] {logging_mixin.py:115} INFO - [2023-02-10 13:31:27,459] {dag.py:2379} INFO - Sync 1 DAGs
[2023-02-10 13:31:27,464] {logging_mixin.py:115} INFO - [2023-02-10 13:31:27,464] {dag.py:2927} INFO - Setting next_dagrun for atividade_aula_4 to 2023-02-09T00:00:00+00:00, run_after=2023-02-10T00:00:00+00:00
[2023-02-10 13:31:27,468] {processor.py:161} INFO - Processing /Users/francilenesilva/Documents/data-engineer/apache-airflow/orquestrando-pipeline1/data-pipeline/airflow-alura/dags/atividade_aula_4.py took 0.045 seconds
[2023-02-10 13:32:07,592] {processor.py:153} INFO - Started process (PID=25785) to work on /Users/francilenesilva/Documents/data-engineer/apache-airflow/orquestrando-pipeline1/data-pipeline/airflow-alura/dags/atividade_aula_4.py
[2023-02-10 13:32:07,592] {processor.py:641} INFO - Processing file /Users/francilenesilva/Documents/data-engineer/apache-airflow/orquestrando-pipeline1/data-pipeline/airflow-alura/dags/atividade_aula_4.py for tasks to queue
[2023-02-10 13:32:07,592] {logging_mixin.py:115} INFO - [2023-02-10 13:32:07,592] {dagbag.py:507} INFO - Filling up the DagBag from /Users/francilenesilva/Documents/data-engineer/apache-airflow/orquestrando-pipeline1/data-pipeline/airflow-alura/dags/atividade_aula_4.py
[2023-02-10 13:32:07,604] {processor.py:651} INFO - DAG(s) dict_keys(['atividade_aula_4']) retrieved from /Users/francilenesilva/Documents/data-engineer/apache-airflow/orquestrando-pipeline1/data-pipeline/airflow-alura/dags/atividade_aula_4.py
[2023-02-10 13:32:07,628] {logging_mixin.py:115} INFO - [2023-02-10 13:32:07,628] {dag.py:2379} INFO - Sync 1 DAGs
[2023-02-10 13:32:07,634] {logging_mixin.py:115} INFO - [2023-02-10 13:32:07,634] {dag.py:2927} INFO - Setting next_dagrun for atividade_aula_4 to 2023-02-09T00:00:00+00:00, run_after=2023-02-10T00:00:00+00:00
[2023-02-10 13:32:07,638] {processor.py:161} INFO - Processing /Users/francilenesilva/Documents/data-engineer/apache-airflow/orquestrando-pipeline1/data-pipeline/airflow-alura/dags/atividade_aula_4.py took 0.047 seconds
[2023-02-10 13:32:49,704] {processor.py:153} INFO - Started process (PID=25857) to work on /Users/francilenesilva/Documents/data-engineer/apache-airflow/orquestrando-pipeline1/data-pipeline/airflow-alura/dags/atividade_aula_4.py
[2023-02-10 13:32:49,704] {processor.py:641} INFO - Processing file /Users/francilenesilva/Documents/data-engineer/apache-airflow/orquestrando-pipeline1/data-pipeline/airflow-alura/dags/atividade_aula_4.py for tasks to queue
[2023-02-10 13:32:49,705] {logging_mixin.py:115} INFO - [2023-02-10 13:32:49,705] {dagbag.py:507} INFO - Filling up the DagBag from /Users/francilenesilva/Documents/data-engineer/apache-airflow/orquestrando-pipeline1/data-pipeline/airflow-alura/dags/atividade_aula_4.py
[2023-02-10 13:32:49,715] {processor.py:651} INFO - DAG(s) dict_keys(['atividade_aula_4']) retrieved from /Users/francilenesilva/Documents/data-engineer/apache-airflow/orquestrando-pipeline1/data-pipeline/airflow-alura/dags/atividade_aula_4.py
[2023-02-10 13:32:49,736] {logging_mixin.py:115} INFO - [2023-02-10 13:32:49,736] {dag.py:2379} INFO - Sync 1 DAGs
[2023-02-10 13:32:49,742] {logging_mixin.py:115} INFO - [2023-02-10 13:32:49,742] {dag.py:2927} INFO - Setting next_dagrun for atividade_aula_4 to 2023-02-09T00:00:00+00:00, run_after=2023-02-10T00:00:00+00:00
[2023-02-10 13:32:49,746] {processor.py:161} INFO - Processing /Users/francilenesilva/Documents/data-engineer/apache-airflow/orquestrando-pipeline1/data-pipeline/airflow-alura/dags/atividade_aula_4.py took 0.042 seconds
[2023-02-10 13:33:30,781] {processor.py:153} INFO - Started process (PID=25929) to work on /Users/francilenesilva/Documents/data-engineer/apache-airflow/orquestrando-pipeline1/data-pipeline/airflow-alura/dags/atividade_aula_4.py
[2023-02-10 13:33:30,783] {processor.py:641} INFO - Processing file /Users/francilenesilva/Documents/data-engineer/apache-airflow/orquestrando-pipeline1/data-pipeline/airflow-alura/dags/atividade_aula_4.py for tasks to queue
[2023-02-10 13:33:30,783] {logging_mixin.py:115} INFO - [2023-02-10 13:33:30,783] {dagbag.py:507} INFO - Filling up the DagBag from /Users/francilenesilva/Documents/data-engineer/apache-airflow/orquestrando-pipeline1/data-pipeline/airflow-alura/dags/atividade_aula_4.py
[2023-02-10 13:33:30,800] {processor.py:651} INFO - DAG(s) dict_keys(['atividade_aula_4']) retrieved from /Users/francilenesilva/Documents/data-engineer/apache-airflow/orquestrando-pipeline1/data-pipeline/airflow-alura/dags/atividade_aula_4.py
[2023-02-10 13:33:30,831] {logging_mixin.py:115} INFO - [2023-02-10 13:33:30,831] {dag.py:2379} INFO - Sync 1 DAGs
[2023-02-10 13:33:30,839] {logging_mixin.py:115} INFO - [2023-02-10 13:33:30,839] {dag.py:2927} INFO - Setting next_dagrun for atividade_aula_4 to 2023-02-09T00:00:00+00:00, run_after=2023-02-10T00:00:00+00:00
[2023-02-10 13:33:30,844] {processor.py:161} INFO - Processing /Users/francilenesilva/Documents/data-engineer/apache-airflow/orquestrando-pipeline1/data-pipeline/airflow-alura/dags/atividade_aula_4.py took 0.064 seconds
