[2023-02-10 14:23:20,607] {taskinstance.py:1159} INFO - Dependencies all met for <TaskInstance: dados_climaticos.cria_pasta scheduled__2022-12-19T00:00:00+00:00 [queued]>
[2023-02-10 14:23:20,609] {taskinstance.py:1159} INFO - Dependencies all met for <TaskInstance: dados_climaticos.cria_pasta scheduled__2022-12-19T00:00:00+00:00 [queued]>
[2023-02-10 14:23:20,609] {taskinstance.py:1356} INFO - 
--------------------------------------------------------------------------------
[2023-02-10 14:23:20,609] {taskinstance.py:1357} INFO - Starting attempt 1 of 1
[2023-02-10 14:23:20,609] {taskinstance.py:1358} INFO - 
--------------------------------------------------------------------------------
[2023-02-10 14:23:20,613] {taskinstance.py:1377} INFO - Executing <Task(BashOperator): cria_pasta> on 2022-12-19 00:00:00+00:00
[2023-02-10 14:23:20,615] {standard_task_runner.py:52} INFO - Started process 33780 to run task
[2023-02-10 14:23:20,618] {standard_task_runner.py:79} INFO - Running: ['airflow', 'tasks', 'run', 'dados_climaticos', 'cria_pasta', 'scheduled__2022-12-19T00:00:00+00:00', '--job-id', '67', '--raw', '--subdir', 'DAGS_FOLDER/dados_climaticos.py', '--cfg-path', '/var/folders/b_/44w2czd50d77jsslrsmc4_sc0000gn/T/tmpq0_7hb60', '--error-file', '/var/folders/b_/44w2czd50d77jsslrsmc4_sc0000gn/T/tmpw56besik']
[2023-02-10 14:23:20,619] {standard_task_runner.py:80} INFO - Job 67: Subtask cria_pasta
[2023-02-10 14:23:20,634] {task_command.py:370} INFO - Running <TaskInstance: dados_climaticos.cria_pasta scheduled__2022-12-19T00:00:00+00:00 [running]> on host airdefrancilene.lan
[2023-02-10 14:23:20,648] {taskinstance.py:1889} ERROR - Task failed with exception
Traceback (most recent call last):
  File "/Users/francilenesilva/Documents/data-engineer/apache-airflow/orquestrando-pipeline1/data-pipeline/airflow-alura/venv/lib/python3.10/site-packages/airflow/models/taskinstance.py", line 1451, in _run_raw_task
    self._execute_task_with_callbacks(context, test_mode)
  File "/Users/francilenesilva/Documents/data-engineer/apache-airflow/orquestrando-pipeline1/data-pipeline/airflow-alura/venv/lib/python3.10/site-packages/airflow/models/taskinstance.py", line 1555, in _execute_task_with_callbacks
    task_orig = self.render_templates(context=context)
  File "/Users/francilenesilva/Documents/data-engineer/apache-airflow/orquestrando-pipeline1/data-pipeline/airflow-alura/venv/lib/python3.10/site-packages/airflow/models/taskinstance.py", line 2212, in render_templates
    rendered_task = self.task.render_template_fields(context)
  File "/Users/francilenesilva/Documents/data-engineer/apache-airflow/orquestrando-pipeline1/data-pipeline/airflow-alura/venv/lib/python3.10/site-packages/airflow/models/baseoperator.py", line 1185, in render_template_fields
    self._do_render_template_fields(self, self.template_fields, context, jinja_env, set())
  File "/Users/francilenesilva/Documents/data-engineer/apache-airflow/orquestrando-pipeline1/data-pipeline/airflow-alura/venv/lib/python3.10/site-packages/airflow/utils/session.py", line 71, in wrapper
    return func(*args, session=session, **kwargs)
  File "/Users/francilenesilva/Documents/data-engineer/apache-airflow/orquestrando-pipeline1/data-pipeline/airflow-alura/venv/lib/python3.10/site-packages/airflow/models/abstractoperator.py", line 344, in _do_render_template_fields
    rendered_content = self.render_template(
  File "/Users/francilenesilva/Documents/data-engineer/apache-airflow/orquestrando-pipeline1/data-pipeline/airflow-alura/venv/lib/python3.10/site-packages/airflow/models/abstractoperator.py", line 387, in render_template
    template = jinja_env.from_string(value)
  File "/Users/francilenesilva/Documents/data-engineer/apache-airflow/orquestrando-pipeline1/data-pipeline/airflow-alura/venv/lib/python3.10/site-packages/jinja2/environment.py", line 941, in from_string
    return cls.from_code(self, self.compile(source), globals, None)
  File "/Users/francilenesilva/Documents/data-engineer/apache-airflow/orquestrando-pipeline1/data-pipeline/airflow-alura/venv/lib/python3.10/site-packages/jinja2/environment.py", line 638, in compile
    self.handle_exception(source=source_hint)
  File "/Users/francilenesilva/Documents/data-engineer/apache-airflow/orquestrando-pipeline1/data-pipeline/airflow-alura/venv/lib/python3.10/site-packages/jinja2/environment.py", line 832, in handle_exception
    reraise(*rewrite_traceback_stack(source=source))
  File "/Users/francilenesilva/Documents/data-engineer/apache-airflow/orquestrando-pipeline1/data-pipeline/airflow-alura/venv/lib/python3.10/site-packages/jinja2/_compat.py", line 28, in reraise
    raise value.with_traceback(tb)
  File "<unknown>", line -1, in template
jinja2.exceptions.TemplateSyntaxError: unexpected end of template, expected ','.
[2023-02-10 14:23:20,650] {taskinstance.py:1395} INFO - Marking task as FAILED. dag_id=dados_climaticos, task_id=cria_pasta, execution_date=20221219T000000, start_date=20230210T142320, end_date=20230210T142320
[2023-02-10 14:23:20,653] {standard_task_runner.py:92} ERROR - Failed to execute job 67 for task cria_pasta (unexpected end of template, expected ','.; 33780)
[2023-02-10 14:23:20,677] {local_task_job.py:156} INFO - Task exited with return code 1
[2023-02-10 14:23:20,688] {local_task_job.py:273} INFO - 0 downstream tasks scheduled from follow-on schedule check
[2023-02-10 17:29:10,256] {taskinstance.py:1159} INFO - Dependencies all met for <TaskInstance: dados_climaticos.cria_pasta scheduled__2022-12-19T00:00:00+00:00 [queued]>
[2023-02-10 17:29:10,259] {taskinstance.py:1159} INFO - Dependencies all met for <TaskInstance: dados_climaticos.cria_pasta scheduled__2022-12-19T00:00:00+00:00 [queued]>
[2023-02-10 17:29:10,259] {taskinstance.py:1356} INFO - 
--------------------------------------------------------------------------------
[2023-02-10 17:29:10,259] {taskinstance.py:1357} INFO - Starting attempt 1 of 1
[2023-02-10 17:29:10,259] {taskinstance.py:1358} INFO - 
--------------------------------------------------------------------------------
[2023-02-10 17:29:10,263] {taskinstance.py:1377} INFO - Executing <Task(BashOperator): cria_pasta> on 2022-12-19 00:00:00+00:00
[2023-02-10 17:29:10,265] {standard_task_runner.py:52} INFO - Started process 55311 to run task
[2023-02-10 17:29:10,268] {standard_task_runner.py:79} INFO - Running: ['airflow', 'tasks', 'run', 'dados_climaticos', 'cria_pasta', 'scheduled__2022-12-19T00:00:00+00:00', '--job-id', '99', '--raw', '--subdir', 'DAGS_FOLDER/dados_climaticos.py', '--cfg-path', '/var/folders/b_/44w2czd50d77jsslrsmc4_sc0000gn/T/tmpjaj19i_c', '--error-file', '/var/folders/b_/44w2czd50d77jsslrsmc4_sc0000gn/T/tmpgb67qpah']
[2023-02-10 17:29:10,269] {standard_task_runner.py:80} INFO - Job 99: Subtask cria_pasta
[2023-02-10 17:29:10,284] {task_command.py:370} INFO - Running <TaskInstance: dados_climaticos.cria_pasta scheduled__2022-12-19T00:00:00+00:00 [running]> on host airdefrancilene.lan
[2023-02-10 17:29:10,302] {taskinstance.py:1569} INFO - Exporting the following env vars:
AIRFLOW_CTX_DAG_OWNER=airflow
AIRFLOW_CTX_DAG_ID=dados_climaticos
AIRFLOW_CTX_TASK_ID=cria_pasta
AIRFLOW_CTX_EXECUTION_DATE=2022-12-19T00:00:00+00:00
AIRFLOW_CTX_TRY_NUMBER=1
AIRFLOW_CTX_DAG_RUN_ID=scheduled__2022-12-19T00:00:00+00:00
[2023-02-10 17:29:10,302] {subprocess.py:62} INFO - Tmp dir root location: 
 /var/folders/b_/44w2czd50d77jsslrsmc4_sc0000gn/T
[2023-02-10 17:29:10,303] {subprocess.py:74} INFO - Running command: ['bash', '-c', 'mkdir -p  "/Users/francilenesilva/Documents/data-engineer/apache-airflow/orquestrando-pipeline1/data-pipeline/airflow-alura/semana=2022-12-26"']
[2023-02-10 17:29:10,307] {subprocess.py:85} INFO - Output:
[2023-02-10 17:29:10,310] {subprocess.py:96} INFO - Command exited with return code 0
[2023-02-10 17:29:10,318] {taskinstance.py:1395} INFO - Marking task as SUCCESS. dag_id=dados_climaticos, task_id=cria_pasta, execution_date=20221219T000000, start_date=20230210T172910, end_date=20230210T172910
[2023-02-10 17:29:10,328] {local_task_job.py:156} INFO - Task exited with return code 0
[2023-02-10 17:29:10,337] {local_task_job.py:273} INFO - 1 downstream tasks scheduled from follow-on schedule check
