[2023-02-10 10:42:40,071] {taskinstance.py:1159} INFO - Dependencies all met for <TaskInstance: example_bash_operator.runme_0 scheduled__2023-02-09T00:00:00+00:00 [queued]>
[2023-02-10 10:42:40,073] {taskinstance.py:1159} INFO - Dependencies all met for <TaskInstance: example_bash_operator.runme_0 scheduled__2023-02-09T00:00:00+00:00 [queued]>
[2023-02-10 10:42:40,073] {taskinstance.py:1356} INFO - 
--------------------------------------------------------------------------------
[2023-02-10 10:42:40,073] {taskinstance.py:1357} INFO - Starting attempt 1 of 1
[2023-02-10 10:42:40,073] {taskinstance.py:1358} INFO - 
--------------------------------------------------------------------------------
[2023-02-10 10:42:40,077] {taskinstance.py:1377} INFO - Executing <Task(BashOperator): runme_0> on 2023-02-09 00:00:00+00:00
[2023-02-10 10:42:40,079] {standard_task_runner.py:52} INFO - Started process 98000 to run task
[2023-02-10 10:42:40,081] {standard_task_runner.py:79} INFO - Running: ['airflow', 'tasks', 'run', 'example_bash_operator', 'runme_0', 'scheduled__2023-02-09T00:00:00+00:00', '--job-id', '7', '--raw', '--subdir', '/Users/francilenesilva/Documents/data-engineer/apache-airflow/orquestrando-pipeline1/data-pipeline/airflow-alura/venv/lib/python3.10/site-packages/airflow/example_dags/example_bash_operator.py', '--cfg-path', '/var/folders/b_/44w2czd50d77jsslrsmc4_sc0000gn/T/tmpur4n0u83', '--error-file', '/var/folders/b_/44w2czd50d77jsslrsmc4_sc0000gn/T/tmp5xcj8z_h']
[2023-02-10 10:42:40,083] {standard_task_runner.py:80} INFO - Job 7: Subtask runme_0
[2023-02-10 10:42:40,100] {task_command.py:370} INFO - Running <TaskInstance: example_bash_operator.runme_0 scheduled__2023-02-09T00:00:00+00:00 [running]> on host airdefrancilene.lan
[2023-02-10 10:42:40,122] {taskinstance.py:1569} INFO - Exporting the following env vars:
AIRFLOW_CTX_DAG_OWNER=airflow
AIRFLOW_CTX_DAG_ID=example_bash_operator
AIRFLOW_CTX_TASK_ID=runme_0
AIRFLOW_CTX_EXECUTION_DATE=2023-02-09T00:00:00+00:00
AIRFLOW_CTX_TRY_NUMBER=1
AIRFLOW_CTX_DAG_RUN_ID=scheduled__2023-02-09T00:00:00+00:00
[2023-02-10 10:42:40,123] {subprocess.py:62} INFO - Tmp dir root location: 
 /var/folders/b_/44w2czd50d77jsslrsmc4_sc0000gn/T
[2023-02-10 10:42:40,123] {subprocess.py:74} INFO - Running command: ['bash', '-c', 'echo "example_bash_operator__runme_0__20230209" && sleep 1']
[2023-02-10 10:42:40,130] {subprocess.py:85} INFO - Output:
[2023-02-10 10:42:40,134] {subprocess.py:92} INFO - example_bash_operator__runme_0__20230209
[2023-02-10 10:42:41,139] {subprocess.py:96} INFO - Command exited with return code 0
[2023-02-10 10:42:41,163] {taskinstance.py:1395} INFO - Marking task as SUCCESS. dag_id=example_bash_operator, task_id=runme_0, execution_date=20230209T000000, start_date=20230210T104240, end_date=20230210T104241
[2023-02-10 10:42:41,175] {local_task_job.py:156} INFO - Task exited with return code 0
[2023-02-10 10:42:41,194] {local_task_job.py:273} INFO - 0 downstream tasks scheduled from follow-on schedule check
