[2023-02-10 14:22:54,452] {taskinstance.py:1159} INFO - Dependencies all met for <TaskInstance: dados_climaticos.cria_pasta scheduled__2022-09-26T00:00:00+00:00 [queued]>
[2023-02-10 14:22:54,454] {taskinstance.py:1159} INFO - Dependencies all met for <TaskInstance: dados_climaticos.cria_pasta scheduled__2022-09-26T00:00:00+00:00 [queued]>
[2023-02-10 14:22:54,454] {taskinstance.py:1356} INFO - 
--------------------------------------------------------------------------------
[2023-02-10 14:22:54,454] {taskinstance.py:1357} INFO - Starting attempt 1 of 1
[2023-02-10 14:22:54,454] {taskinstance.py:1358} INFO - 
--------------------------------------------------------------------------------
[2023-02-10 14:22:54,458] {taskinstance.py:1377} INFO - Executing <Task(BashOperator): cria_pasta> on 2022-09-26 00:00:00+00:00
[2023-02-10 14:22:54,460] {standard_task_runner.py:52} INFO - Started process 33695 to run task
[2023-02-10 14:22:54,462] {standard_task_runner.py:79} INFO - Running: ['airflow', 'tasks', 'run', 'dados_climaticos', 'cria_pasta', 'scheduled__2022-09-26T00:00:00+00:00', '--job-id', '55', '--raw', '--subdir', 'DAGS_FOLDER/dados_climaticos.py', '--cfg-path', '/var/folders/b_/44w2czd50d77jsslrsmc4_sc0000gn/T/tmpcbp43oyb', '--error-file', '/var/folders/b_/44w2czd50d77jsslrsmc4_sc0000gn/T/tmpkpc0dnnm']
[2023-02-10 14:22:54,463] {standard_task_runner.py:80} INFO - Job 55: Subtask cria_pasta
[2023-02-10 14:22:54,659] {local_task_job.py:156} INFO - Task exited with return code Negsignal.SIGKILL
[2023-02-10 14:22:54,665] {taskinstance.py:1395} INFO - Marking task as FAILED. dag_id=dados_climaticos, task_id=cria_pasta, execution_date=20220926T000000, start_date=20230210T142254, end_date=20230210T142254
[2023-02-10 14:22:54,674] {local_task_job.py:273} INFO - 0 downstream tasks scheduled from follow-on schedule check
[2023-02-10 17:28:31,809] {taskinstance.py:1159} INFO - Dependencies all met for <TaskInstance: dados_climaticos.cria_pasta scheduled__2022-09-26T00:00:00+00:00 [queued]>
[2023-02-10 17:28:31,811] {taskinstance.py:1159} INFO - Dependencies all met for <TaskInstance: dados_climaticos.cria_pasta scheduled__2022-09-26T00:00:00+00:00 [queued]>
[2023-02-10 17:28:31,811] {taskinstance.py:1356} INFO - 
--------------------------------------------------------------------------------
[2023-02-10 17:28:31,811] {taskinstance.py:1357} INFO - Starting attempt 1 of 1
[2023-02-10 17:28:31,811] {taskinstance.py:1358} INFO - 
--------------------------------------------------------------------------------
[2023-02-10 17:28:31,815] {taskinstance.py:1377} INFO - Executing <Task(BashOperator): cria_pasta> on 2022-09-26 00:00:00+00:00
[2023-02-10 17:28:31,817] {standard_task_runner.py:52} INFO - Started process 55178 to run task
[2023-02-10 17:28:31,820] {standard_task_runner.py:79} INFO - Running: ['airflow', 'tasks', 'run', 'dados_climaticos', 'cria_pasta', 'scheduled__2022-09-26T00:00:00+00:00', '--job-id', '75', '--raw', '--subdir', 'DAGS_FOLDER/dados_climaticos.py', '--cfg-path', '/var/folders/b_/44w2czd50d77jsslrsmc4_sc0000gn/T/tmppyk7xiry', '--error-file', '/var/folders/b_/44w2czd50d77jsslrsmc4_sc0000gn/T/tmpgq8vhmqy']
[2023-02-10 17:28:31,821] {standard_task_runner.py:80} INFO - Job 75: Subtask cria_pasta
[2023-02-10 17:28:31,839] {task_command.py:370} INFO - Running <TaskInstance: dados_climaticos.cria_pasta scheduled__2022-09-26T00:00:00+00:00 [running]> on host airdefrancilene.lan
[2023-02-10 17:28:31,861] {taskinstance.py:1569} INFO - Exporting the following env vars:
AIRFLOW_CTX_DAG_OWNER=airflow
AIRFLOW_CTX_DAG_ID=dados_climaticos
AIRFLOW_CTX_TASK_ID=cria_pasta
AIRFLOW_CTX_EXECUTION_DATE=2022-09-26T00:00:00+00:00
AIRFLOW_CTX_TRY_NUMBER=1
AIRFLOW_CTX_DAG_RUN_ID=scheduled__2022-09-26T00:00:00+00:00
[2023-02-10 17:28:31,861] {subprocess.py:62} INFO - Tmp dir root location: 
 /var/folders/b_/44w2czd50d77jsslrsmc4_sc0000gn/T
[2023-02-10 17:28:31,862] {subprocess.py:74} INFO - Running command: ['bash', '-c', 'mkdir -p  "/Users/francilenesilva/Documents/data-engineer/apache-airflow/orquestrando-pipeline1/data-pipeline/airflow-alura/semana=2022-10-03"']
[2023-02-10 17:28:31,866] {subprocess.py:85} INFO - Output:
[2023-02-10 17:28:31,870] {subprocess.py:96} INFO - Command exited with return code 0
[2023-02-10 17:28:31,879] {taskinstance.py:1395} INFO - Marking task as SUCCESS. dag_id=dados_climaticos, task_id=cria_pasta, execution_date=20220926T000000, start_date=20230210T172831, end_date=20230210T172831
[2023-02-10 17:28:31,927] {local_task_job.py:156} INFO - Task exited with return code 0
[2023-02-10 17:28:31,937] {local_task_job.py:273} INFO - 1 downstream tasks scheduled from follow-on schedule check
